CRITICAL - 2023-02-14 02:24:11 --> Class 'Google_Client' not found
#0 C:\xampp\htdocs\codeIgniter\new-app\system\CodeIgniter.php(824): App\Controllers\LoginController->login()
#1 C:\xampp\htdocs\codeIgniter\new-app\system\CodeIgniter.php(410): CodeIgniter\CodeIgniter->runController(Object(App\Controllers\LoginController))
#2 C:\xampp\htdocs\codeIgniter\new-app\system\CodeIgniter.php(318): CodeIgniter\CodeIgniter->handleRequest(NULL, Object(Config\Cache), false)
#3 C:\xampp\htdocs\codeIgniter\new-app\index.php(37): CodeIgniter\CodeIgniter->run()
#4 {main}
CRITICAL - 2023-02-14 02:24:33 --> Class 'Google_Client' not found
#0 C:\xampp\htdocs\codeIgniter\new-app\system\CodeIgniter.php(824): App\Controllers\LoginController->login()
#1 C:\xampp\htdocs\codeIgniter\new-app\system\CodeIgniter.php(410): CodeIgniter\CodeIgniter->runController(Object(App\Controllers\LoginController))
#2 C:\xampp\htdocs\codeIgniter\new-app\system\CodeIgniter.php(318): CodeIgniter\CodeIgniter->handleRequest(NULL, Object(Config\Cache), false)
#3 C:\xampp\htdocs\codeIgniter\new-app\index.php(37): CodeIgniter\CodeIgniter->run()
#4 {main}
CRITICAL - 2023-02-14 02:26:08 --> Class 'Google_Client' not found
#0 C:\xampp\htdocs\codeIgniter\new-app\system\CodeIgniter.php(824): App\Controllers\LoginController->login()
#1 C:\xampp\htdocs\codeIgniter\new-app\system\CodeIgniter.php(410): CodeIgniter\CodeIgniter->runController(Object(App\Controllers\LoginController))
#2 C:\xampp\htdocs\codeIgniter\new-app\system\CodeIgniter.php(318): CodeIgniter\CodeIgniter->handleRequest(NULL, Object(Config\Cache), false)
#3 C:\xampp\htdocs\codeIgniter\new-app\index.php(37): CodeIgniter\CodeIgniter->run()
#4 {main}
CRITICAL - 2023-02-14 03:00:16 --> Undefined index: error
#0 C:\xampp\htdocs\codeIgniter\new-app\app\Controllers\LoginController.php(121): CodeIgniter\Debug\Exceptions->errorHandler(8, 'Undefined index...', 'C:\\xampp\\htdocs...', 121, Array)
#1 C:\xampp\htdocs\codeIgniter\new-app\system\CodeIgniter.php(824): App\Controllers\LoginController->login()
#2 C:\xampp\htdocs\codeIgniter\new-app\system\CodeIgniter.php(410): CodeIgniter\CodeIgniter->runController(Object(App\Controllers\LoginController))
#3 C:\xampp\htdocs\codeIgniter\new-app\system\CodeIgniter.php(318): CodeIgniter\CodeIgniter->handleRequest(NULL, Object(Config\Cache), false)
#4 C:\xampp\htdocs\codeIgniter\new-app\index.php(37): CodeIgniter\CodeIgniter->run()
#5 {main}
CRITICAL - 2023-02-14 03:03:52 --> syntax error, unexpected '$data' (T_VARIABLE), expecting ';' or ','
#0 C:\xampp\htdocs\codeIgniter\new-app\system\Autoloader\Autoloader.php(241): CodeIgniter\Autoloader\Autoloader->includeFile('C:\\xampp\\htdocs...')
#1 C:\xampp\htdocs\codeIgniter\new-app\system\Autoloader\Autoloader.php(219): CodeIgniter\Autoloader\Autoloader->loadInNamespace('App\\Controllers...')
#2 [internal function]: CodeIgniter\Autoloader\Autoloader->loadClass('App\\Controllers...')
#3 [internal function]: spl_autoload_call('App\\Controllers...')
#4 C:\xampp\htdocs\codeIgniter\new-app\system\CodeIgniter.php(789): class_exists('\\App\\Controller...', true)
#5 C:\xampp\htdocs\codeIgniter\new-app\system\CodeIgniter.php(397): CodeIgniter\CodeIgniter->startController()
#6 C:\xampp\htdocs\codeIgniter\new-app\system\CodeIgniter.php(318): CodeIgniter\CodeIgniter->handleRequest(NULL, Object(Config\Cache), false)
#7 C:\xampp\htdocs\codeIgniter\new-app\index.php(37): CodeIgniter\CodeIgniter->run()
#8 {main}
CRITICAL - 2023-02-14 19:07:17 --> Call to undefined method CodeIgniter\HTTP\IncomingRequest::get()
#0 C:\xampp\htdocs\codeIgniter\new-app\system\CodeIgniter.php(824): App\Controllers\LoginController->login()
#1 C:\xampp\htdocs\codeIgniter\new-app\system\CodeIgniter.php(410): CodeIgniter\CodeIgniter->runController(Object(App\Controllers\LoginController))
#2 C:\xampp\htdocs\codeIgniter\new-app\system\CodeIgniter.php(318): CodeIgniter\CodeIgniter->handleRequest(NULL, Object(Config\Cache), false)
#3 C:\xampp\htdocs\codeIgniter\new-app\index.php(37): CodeIgniter\CodeIgniter->run()
#4 {main}
CRITICAL - 2023-02-14 19:44:33 --> The default access token must be of type "string" or Facebook\AccessToken
#0 C:\xampp\htdocs\codeIgniter\new-app\app\Controllers\LoginController.php(151): Facebook\Facebook->setDefaultAccessToken(NULL)
#1 C:\xampp\htdocs\codeIgniter\new-app\system\CodeIgniter.php(824): App\Controllers\LoginController->login()
#2 C:\xampp\htdocs\codeIgniter\new-app\system\CodeIgniter.php(410): CodeIgniter\CodeIgniter->runController(Object(App\Controllers\LoginController))
#3 C:\xampp\htdocs\codeIgniter\new-app\system\CodeIgniter.php(318): CodeIgniter\CodeIgniter->handleRequest(NULL, Object(Config\Cache), false)
#4 C:\xampp\htdocs\codeIgniter\new-app\index.php(37): CodeIgniter\CodeIgniter->run()
#5 {main}
CRITICAL - 2023-02-14 19:45:29 --> Cross-site request forgery validation failed. Required param "state" missing from persistent data.
#0 C:\xampp\htdocs\codeIgniter\new-app\app\Libraries\vendor\facebook\graph-sdk\src\Facebook\Helpers\FacebookRedirectLoginHelper.php(221): Facebook\Helpers\FacebookRedirectLoginHelper->validateCsrf()
#1 C:\xampp\htdocs\codeIgniter\new-app\app\Controllers\LoginController.php(149): Facebook\Helpers\FacebookRedirectLoginHelper->getAccessToken()
#2 C:\xampp\htdocs\codeIgniter\new-app\system\CodeIgniter.php(824): App\Controllers\LoginController->login()
#3 C:\xampp\htdocs\codeIgniter\new-app\system\CodeIgniter.php(410): CodeIgniter\CodeIgniter->runController(Object(App\Controllers\LoginController))
#4 C:\xampp\htdocs\codeIgniter\new-app\system\CodeIgniter.php(318): CodeIgniter\CodeIgniter->handleRequest(NULL, Object(Config\Cache), false)
#5 C:\xampp\htdocs\codeIgniter\new-app\index.php(37): CodeIgniter\CodeIgniter->run()
#6 {main}
CRITICAL - 2023-02-14 19:45:43 --> Cross-site request forgery validation failed. Required param "state" missing from persistent data.
#0 C:\xampp\htdocs\codeIgniter\new-app\app\Libraries\vendor\facebook\graph-sdk\src\Facebook\Helpers\FacebookRedirectLoginHelper.php(221): Facebook\Helpers\FacebookRedirectLoginHelper->validateCsrf()
#1 C:\xampp\htdocs\codeIgniter\new-app\app\Controllers\LoginController.php(149): Facebook\Helpers\FacebookRedirectLoginHelper->getAccessToken()
#2 C:\xampp\htdocs\codeIgniter\new-app\system\CodeIgniter.php(824): App\Controllers\LoginController->login()
#3 C:\xampp\htdocs\codeIgniter\new-app\system\CodeIgniter.php(410): CodeIgniter\CodeIgniter->runController(Object(App\Controllers\LoginController))
#4 C:\xampp\htdocs\codeIgniter\new-app\system\CodeIgniter.php(318): CodeIgniter\CodeIgniter->handleRequest(NULL, Object(Config\Cache), false)
#5 C:\xampp\htdocs\codeIgniter\new-app\index.php(37): CodeIgniter\CodeIgniter->run()
#6 {main}
CRITICAL - 2023-02-14 19:46:16 --> Syntax error "Expected name." at character 11: name,email,
#0 C:\xampp\htdocs\codeIgniter\new-app\app\Libraries\vendor\facebook\graph-sdk\src\Facebook\FacebookResponse.php(210): Facebook\Exceptions\FacebookResponseException::create(Object(Facebook\FacebookResponse))
#1 C:\xampp\htdocs\codeIgniter\new-app\app\Libraries\vendor\facebook\graph-sdk\src\Facebook\FacebookResponse.php(255): Facebook\FacebookResponse->makeException()
#2 C:\xampp\htdocs\codeIgniter\new-app\app\Libraries\vendor\facebook\graph-sdk\src\Facebook\FacebookResponse.php(82): Facebook\FacebookResponse->decodeBody()
#3 C:\xampp\htdocs\codeIgniter\new-app\app\Libraries\vendor\facebook\graph-sdk\src\Facebook\FacebookClient.php(224): Facebook\FacebookResponse->__construct(Object(Facebook\FacebookRequest), '{"error":{"mess...', 400, Array)
#4 C:\xampp\htdocs\codeIgniter\new-app\app\Libraries\vendor\facebook\graph-sdk\src\Facebook\Facebook.php(469): Facebook\FacebookClient->sendRequest(Object(Facebook\FacebookRequest))
#5 C:\xampp\htdocs\codeIgniter\new-app\app\Libraries\vendor\facebook\graph-sdk\src\Facebook\Facebook.php(336): Facebook\Facebook->sendRequest('GET', '/me?fields=name...', Array, Object(Facebook\Authentication\AccessToken), NULL, 'v2.3')
#6 C:\xampp\htdocs\codeIgniter\new-app\app\Controllers\LoginController.php(154): Facebook\Facebook->get('/me?fields=name...', Object(Facebook\Authentication\AccessToken))
#7 C:\xampp\htdocs\codeIgniter\new-app\system\CodeIgniter.php(824): App\Controllers\LoginController->login()
#8 C:\xampp\htdocs\codeIgniter\new-app\system\CodeIgniter.php(410): CodeIgniter\CodeIgniter->runController(Object(App\Controllers\LoginController))
#9 C:\xampp\htdocs\codeIgniter\new-app\system\CodeIgniter.php(318): CodeIgniter\CodeIgniter->handleRequest(NULL, Object(Config\Cache), false)
#10 C:\xampp\htdocs\codeIgniter\new-app\index.php(37): CodeIgniter\CodeIgniter->run()
#11 {main}
CRITICAL - 2023-02-14 19:50:28 --> Syntax error "Expected name." at character 11: name,email,
#0 C:\xampp\htdocs\codeIgniter\new-app\app\Libraries\vendor\facebook\graph-sdk\src\Facebook\FacebookResponse.php(210): Facebook\Exceptions\FacebookResponseException::create(Object(Facebook\FacebookResponse))
#1 C:\xampp\htdocs\codeIgniter\new-app\app\Libraries\vendor\facebook\graph-sdk\src\Facebook\FacebookResponse.php(255): Facebook\FacebookResponse->makeException()
#2 C:\xampp\htdocs\codeIgniter\new-app\app\Libraries\vendor\facebook\graph-sdk\src\Facebook\FacebookResponse.php(82): Facebook\FacebookResponse->decodeBody()
#3 C:\xampp\htdocs\codeIgniter\new-app\app\Libraries\vendor\facebook\graph-sdk\src\Facebook\FacebookClient.php(224): Facebook\FacebookResponse->__construct(Object(Facebook\FacebookRequest), '{"error":{"mess...', 400, Array)
#4 C:\xampp\htdocs\codeIgniter\new-app\app\Libraries\vendor\facebook\graph-sdk\src\Facebook\Facebook.php(469): Facebook\FacebookClient->sendRequest(Object(Facebook\FacebookRequest))
#5 C:\xampp\htdocs\codeIgniter\new-app\app\Libraries\vendor\facebook\graph-sdk\src\Facebook\Facebook.php(336): Facebook\Facebook->sendRequest('GET', '/me?fields=name...', Array, Object(Facebook\Authentication\AccessToken), NULL, 'v2.3')
#6 C:\xampp\htdocs\codeIgniter\new-app\app\Controllers\LoginController.php(156): Facebook\Facebook->get('/me?fields=name...', Object(Facebook\Authentication\AccessToken))
#7 C:\xampp\htdocs\codeIgniter\new-app\system\CodeIgniter.php(824): App\Controllers\LoginController->login()
#8 C:\xampp\htdocs\codeIgniter\new-app\system\CodeIgniter.php(410): CodeIgniter\CodeIgniter->runController(Object(App\Controllers\LoginController))
#9 C:\xampp\htdocs\codeIgniter\new-app\system\CodeIgniter.php(318): CodeIgniter\CodeIgniter->handleRequest(NULL, Object(Config\Cache), false)
#10 C:\xampp\htdocs\codeIgniter\new-app\index.php(37): CodeIgniter\CodeIgniter->run()
#11 {main}
CRITICAL - 2023-02-14 19:52:30 --> Unsupported get request. Object with ID 'name,email,' does not exist, cannot be loaded due to missing permissions, or does not support this operation. Please read the Graph API documentation at https://developers.facebook.com/docs/graph-api
#0 C:\xampp\htdocs\codeIgniter\new-app\app\Libraries\vendor\facebook\graph-sdk\src\Facebook\FacebookResponse.php(210): Facebook\Exceptions\FacebookResponseException::create(Object(Facebook\FacebookResponse))
#1 C:\xampp\htdocs\codeIgniter\new-app\app\Libraries\vendor\facebook\graph-sdk\src\Facebook\FacebookResponse.php(255): Facebook\FacebookResponse->makeException()
#2 C:\xampp\htdocs\codeIgniter\new-app\app\Libraries\vendor\facebook\graph-sdk\src\Facebook\FacebookResponse.php(82): Facebook\FacebookResponse->decodeBody()
#3 C:\xampp\htdocs\codeIgniter\new-app\app\Libraries\vendor\facebook\graph-sdk\src\Facebook\FacebookClient.php(224): Facebook\FacebookResponse->__construct(Object(Facebook\FacebookRequest), '{"error":{"mess...', 400, Array)
#4 C:\xampp\htdocs\codeIgniter\new-app\app\Libraries\vendor\facebook\graph-sdk\src\Facebook\Facebook.php(469): Facebook\FacebookClient->sendRequest(Object(Facebook\FacebookRequest))
#5 C:\xampp\htdocs\codeIgniter\new-app\app\Libraries\vendor\facebook\graph-sdk\src\Facebook\Facebook.php(336): Facebook\Facebook->sendRequest('GET', 'name,email,', Array, Object(Facebook\Authentication\AccessToken), NULL, 'v2.3')
#6 C:\xampp\htdocs\codeIgniter\new-app\app\Controllers\LoginController.php(156): Facebook\Facebook->get('name,email,', Object(Facebook\Authentication\AccessToken))
#7 C:\xampp\htdocs\codeIgniter\new-app\system\CodeIgniter.php(824): App\Controllers\LoginController->login()
#8 C:\xampp\htdocs\codeIgniter\new-app\system\CodeIgniter.php(410): CodeIgniter\CodeIgniter->runController(Object(App\Controllers\LoginController))
#9 C:\xampp\htdocs\codeIgniter\new-app\system\CodeIgniter.php(318): CodeIgniter\CodeIgniter->handleRequest(NULL, Object(Config\Cache), false)
#10 C:\xampp\htdocs\codeIgniter\new-app\index.php(37): CodeIgniter\CodeIgniter->run()
#11 {main}
CRITICAL - 2023-02-14 19:52:32 --> This authorization code has been used.
#0 C:\xampp\htdocs\codeIgniter\new-app\app\Libraries\vendor\facebook\graph-sdk\src\Facebook\FacebookResponse.php(210): Facebook\Exceptions\FacebookResponseException::create(Object(Facebook\FacebookResponse))
#1 C:\xampp\htdocs\codeIgniter\new-app\app\Libraries\vendor\facebook\graph-sdk\src\Facebook\FacebookResponse.php(255): Facebook\FacebookResponse->makeException()
#2 C:\xampp\htdocs\codeIgniter\new-app\app\Libraries\vendor\facebook\graph-sdk\src\Facebook\FacebookResponse.php(82): Facebook\FacebookResponse->decodeBody()
#3 C:\xampp\htdocs\codeIgniter\new-app\app\Libraries\vendor\facebook\graph-sdk\src\Facebook\FacebookClient.php(224): Facebook\FacebookResponse->__construct(Object(Facebook\FacebookRequest), '{"error":{"mess...', 400, Array)
#4 C:\xampp\htdocs\codeIgniter\new-app\app\Libraries\vendor\facebook\graph-sdk\src\Facebook\Authentication\OAuth2Client.php(277): Facebook\FacebookClient->sendRequest(Object(Facebook\FacebookRequest))
#5 C:\xampp\htdocs\codeIgniter\new-app\app\Libraries\vendor\facebook\graph-sdk\src\Facebook\Authentication\OAuth2Client.php(226): Facebook\Authentication\OAuth2Client->sendRequestWithClientParams('/oauth/access_t...', Array)
#6 C:\xampp\htdocs\codeIgniter\new-app\app\Libraries\vendor\facebook\graph-sdk\src\Facebook\Authentication\OAuth2Client.php(166): Facebook\Authentication\OAuth2Client->requestAnAccessToken(Array)
#7 C:\xampp\htdocs\codeIgniter\new-app\app\Libraries\vendor\facebook\graph-sdk\src\Facebook\Helpers\FacebookRedirectLoginHelper.php(228): Facebook\Authentication\OAuth2Client->getAccessTokenFromCode('AQDKp24JilsAVF6...', 'https://localho...')
#8 C:\xampp\htdocs\codeIgniter\new-app\app\Controllers\LoginController.php(151): Facebook\Helpers\FacebookRedirectLoginHelper->getAccessToken()
#9 C:\xampp\htdocs\codeIgniter\new-app\system\CodeIgniter.php(824): App\Controllers\LoginController->login()
#10 C:\xampp\htdocs\codeIgniter\new-app\system\CodeIgniter.php(410): CodeIgniter\CodeIgniter->runController(Object(App\Controllers\LoginController))
#11 C:\xampp\htdocs\codeIgniter\new-app\system\CodeIgniter.php(318): CodeIgniter\CodeIgniter->handleRequest(NULL, Object(Config\Cache), false)
#12 C:\xampp\htdocs\codeIgniter\new-app\index.php(37): CodeIgniter\CodeIgniter->run()
#13 {main}
CRITICAL - 2023-02-14 19:52:38 --> This authorization code has been used.
#0 C:\xampp\htdocs\codeIgniter\new-app\app\Libraries\vendor\facebook\graph-sdk\src\Facebook\FacebookResponse.php(210): Facebook\Exceptions\FacebookResponseException::create(Object(Facebook\FacebookResponse))
#1 C:\xampp\htdocs\codeIgniter\new-app\app\Libraries\vendor\facebook\graph-sdk\src\Facebook\FacebookResponse.php(255): Facebook\FacebookResponse->makeException()
#2 C:\xampp\htdocs\codeIgniter\new-app\app\Libraries\vendor\facebook\graph-sdk\src\Facebook\FacebookResponse.php(82): Facebook\FacebookResponse->decodeBody()
#3 C:\xampp\htdocs\codeIgniter\new-app\app\Libraries\vendor\facebook\graph-sdk\src\Facebook\FacebookClient.php(224): Facebook\FacebookResponse->__construct(Object(Facebook\FacebookRequest), '{"error":{"mess...', 400, Array)
#4 C:\xampp\htdocs\codeIgniter\new-app\app\Libraries\vendor\facebook\graph-sdk\src\Facebook\Authentication\OAuth2Client.php(277): Facebook\FacebookClient->sendRequest(Object(Facebook\FacebookRequest))
#5 C:\xampp\htdocs\codeIgniter\new-app\app\Libraries\vendor\facebook\graph-sdk\src\Facebook\Authentication\OAuth2Client.php(226): Facebook\Authentication\OAuth2Client->sendRequestWithClientParams('/oauth/access_t...', Array)
#6 C:\xampp\htdocs\codeIgniter\new-app\app\Libraries\vendor\facebook\graph-sdk\src\Facebook\Authentication\OAuth2Client.php(166): Facebook\Authentication\OAuth2Client->requestAnAccessToken(Array)
#7 C:\xampp\htdocs\codeIgniter\new-app\app\Libraries\vendor\facebook\graph-sdk\src\Facebook\Helpers\FacebookRedirectLoginHelper.php(228): Facebook\Authentication\OAuth2Client->getAccessTokenFromCode('AQDKp24JilsAVF6...', 'https://localho...')
#8 C:\xampp\htdocs\codeIgniter\new-app\app\Controllers\LoginController.php(151): Facebook\Helpers\FacebookRedirectLoginHelper->getAccessToken()
#9 C:\xampp\htdocs\codeIgniter\new-app\system\CodeIgniter.php(824): App\Controllers\LoginController->login()
#10 C:\xampp\htdocs\codeIgniter\new-app\system\CodeIgniter.php(410): CodeIgniter\CodeIgniter->runController(Object(App\Controllers\LoginController))
#11 C:\xampp\htdocs\codeIgniter\new-app\system\CodeIgniter.php(318): CodeIgniter\CodeIgniter->handleRequest(NULL, Object(Config\Cache), false)
#12 C:\xampp\htdocs\codeIgniter\new-app\index.php(37): CodeIgniter\CodeIgniter->run()
#13 {main}
CRITICAL - 2023-02-14 19:52:52 --> This authorization code has been used.
#0 C:\xampp\htdocs\codeIgniter\new-app\app\Libraries\vendor\facebook\graph-sdk\src\Facebook\FacebookResponse.php(210): Facebook\Exceptions\FacebookResponseException::create(Object(Facebook\FacebookResponse))
#1 C:\xampp\htdocs\codeIgniter\new-app\app\Libraries\vendor\facebook\graph-sdk\src\Facebook\FacebookResponse.php(255): Facebook\FacebookResponse->makeException()
#2 C:\xampp\htdocs\codeIgniter\new-app\app\Libraries\vendor\facebook\graph-sdk\src\Facebook\FacebookResponse.php(82): Facebook\FacebookResponse->decodeBody()
#3 C:\xampp\htdocs\codeIgniter\new-app\app\Libraries\vendor\facebook\graph-sdk\src\Facebook\FacebookClient.php(224): Facebook\FacebookResponse->__construct(Object(Facebook\FacebookRequest), '{"error":{"mess...', 400, Array)
#4 C:\xampp\htdocs\codeIgniter\new-app\app\Libraries\vendor\facebook\graph-sdk\src\Facebook\Authentication\OAuth2Client.php(277): Facebook\FacebookClient->sendRequest(Object(Facebook\FacebookRequest))
#5 C:\xampp\htdocs\codeIgniter\new-app\app\Libraries\vendor\facebook\graph-sdk\src\Facebook\Authentication\OAuth2Client.php(226): Facebook\Authentication\OAuth2Client->sendRequestWithClientParams('/oauth/access_t...', Array)
#6 C:\xampp\htdocs\codeIgniter\new-app\app\Libraries\vendor\facebook\graph-sdk\src\Facebook\Authentication\OAuth2Client.php(166): Facebook\Authentication\OAuth2Client->requestAnAccessToken(Array)
#7 C:\xampp\htdocs\codeIgniter\new-app\app\Libraries\vendor\facebook\graph-sdk\src\Facebook\Helpers\FacebookRedirectLoginHelper.php(228): Facebook\Authentication\OAuth2Client->getAccessTokenFromCode('AQDKp24JilsAVF6...', 'https://localho...')
#8 C:\xampp\htdocs\codeIgniter\new-app\app\Controllers\LoginController.php(151): Facebook\Helpers\FacebookRedirectLoginHelper->getAccessToken()
#9 C:\xampp\htdocs\codeIgniter\new-app\system\CodeIgniter.php(824): App\Controllers\LoginController->login()
#10 C:\xampp\htdocs\codeIgniter\new-app\system\CodeIgniter.php(410): CodeIgniter\CodeIgniter->runController(Object(App\Controllers\LoginController))
#11 C:\xampp\htdocs\codeIgniter\new-app\system\CodeIgniter.php(318): CodeIgniter\CodeIgniter->handleRequest(NULL, Object(Config\Cache), false)
#12 C:\xampp\htdocs\codeIgniter\new-app\index.php(37): CodeIgniter\CodeIgniter->run()
#13 {main}
CRITICAL - 2023-02-14 19:52:57 --> This authorization code has been used.
#0 C:\xampp\htdocs\codeIgniter\new-app\app\Libraries\vendor\facebook\graph-sdk\src\Facebook\FacebookResponse.php(210): Facebook\Exceptions\FacebookResponseException::create(Object(Facebook\FacebookResponse))
#1 C:\xampp\htdocs\codeIgniter\new-app\app\Libraries\vendor\facebook\graph-sdk\src\Facebook\FacebookResponse.php(255): Facebook\FacebookResponse->makeException()
#2 C:\xampp\htdocs\codeIgniter\new-app\app\Libraries\vendor\facebook\graph-sdk\src\Facebook\FacebookResponse.php(82): Facebook\FacebookResponse->decodeBody()
#3 C:\xampp\htdocs\codeIgniter\new-app\app\Libraries\vendor\facebook\graph-sdk\src\Facebook\FacebookClient.php(224): Facebook\FacebookResponse->__construct(Object(Facebook\FacebookRequest), '{"error":{"mess...', 400, Array)
#4 C:\xampp\htdocs\codeIgniter\new-app\app\Libraries\vendor\facebook\graph-sdk\src\Facebook\Authentication\OAuth2Client.php(277): Facebook\FacebookClient->sendRequest(Object(Facebook\FacebookRequest))
#5 C:\xampp\htdocs\codeIgniter\new-app\app\Libraries\vendor\facebook\graph-sdk\src\Facebook\Authentication\OAuth2Client.php(226): Facebook\Authentication\OAuth2Client->sendRequestWithClientParams('/oauth/access_t...', Array)
#6 C:\xampp\htdocs\codeIgniter\new-app\app\Libraries\vendor\facebook\graph-sdk\src\Facebook\Authentication\OAuth2Client.php(166): Facebook\Authentication\OAuth2Client->requestAnAccessToken(Array)
#7 C:\xampp\htdocs\codeIgniter\new-app\app\Libraries\vendor\facebook\graph-sdk\src\Facebook\Helpers\FacebookRedirectLoginHelper.php(228): Facebook\Authentication\OAuth2Client->getAccessTokenFromCode('AQDKp24JilsAVF6...', 'https://localho...')
#8 C:\xampp\htdocs\codeIgniter\new-app\app\Controllers\LoginController.php(151): Facebook\Helpers\FacebookRedirectLoginHelper->getAccessToken()
#9 C:\xampp\htdocs\codeIgniter\new-app\system\CodeIgniter.php(824): App\Controllers\LoginController->login()
#10 C:\xampp\htdocs\codeIgniter\new-app\system\CodeIgniter.php(410): CodeIgniter\CodeIgniter->runController(Object(App\Controllers\LoginController))
#11 C:\xampp\htdocs\codeIgniter\new-app\system\CodeIgniter.php(318): CodeIgniter\CodeIgniter->handleRequest(NULL, Object(Config\Cache), false)
#12 C:\xampp\htdocs\codeIgniter\new-app\index.php(37): CodeIgniter\CodeIgniter->run()
#13 {main}
CRITICAL - 2023-02-14 19:53:05 --> Syntax error "Expected name." at character 11: name,email,
#0 C:\xampp\htdocs\codeIgniter\new-app\app\Libraries\vendor\facebook\graph-sdk\src\Facebook\FacebookResponse.php(210): Facebook\Exceptions\FacebookResponseException::create(Object(Facebook\FacebookResponse))
#1 C:\xampp\htdocs\codeIgniter\new-app\app\Libraries\vendor\facebook\graph-sdk\src\Facebook\FacebookResponse.php(255): Facebook\FacebookResponse->makeException()
#2 C:\xampp\htdocs\codeIgniter\new-app\app\Libraries\vendor\facebook\graph-sdk\src\Facebook\FacebookResponse.php(82): Facebook\FacebookResponse->decodeBody()
#3 C:\xampp\htdocs\codeIgniter\new-app\app\Libraries\vendor\facebook\graph-sdk\src\Facebook\FacebookClient.php(224): Facebook\FacebookResponse->__construct(Object(Facebook\FacebookRequest), '{"error":{"mess...', 400, Array)
#4 C:\xampp\htdocs\codeIgniter\new-app\app\Libraries\vendor\facebook\graph-sdk\src\Facebook\Facebook.php(469): Facebook\FacebookClient->sendRequest(Object(Facebook\FacebookRequest))
#5 C:\xampp\htdocs\codeIgniter\new-app\app\Libraries\vendor\facebook\graph-sdk\src\Facebook\Facebook.php(336): Facebook\Facebook->sendRequest('GET', '/me?fields=name...', Array, Object(Facebook\Authentication\AccessToken), NULL, 'v2.3')
#6 C:\xampp\htdocs\codeIgniter\new-app\app\Controllers\LoginController.php(156): Facebook\Facebook->get('/me?fields=name...', Object(Facebook\Authentication\AccessToken))
#7 C:\xampp\htdocs\codeIgniter\new-app\system\CodeIgniter.php(824): App\Controllers\LoginController->login()
#8 C:\xampp\htdocs\codeIgniter\new-app\system\CodeIgniter.php(410): CodeIgniter\CodeIgniter->runController(Object(App\Controllers\LoginController))
#9 C:\xampp\htdocs\codeIgniter\new-app\system\CodeIgniter.php(318): CodeIgniter\CodeIgniter->handleRequest(NULL, Object(Config\Cache), false)
#10 C:\xampp\htdocs\codeIgniter\new-app\index.php(37): CodeIgniter\CodeIgniter->run()
#11 {main}
CRITICAL - 2023-02-14 19:54:04 --> This authorization code has been used.
#0 C:\xampp\htdocs\codeIgniter\new-app\app\Libraries\vendor\facebook\graph-sdk\src\Facebook\FacebookResponse.php(210): Facebook\Exceptions\FacebookResponseException::create(Object(Facebook\FacebookResponse))
#1 C:\xampp\htdocs\codeIgniter\new-app\app\Libraries\vendor\facebook\graph-sdk\src\Facebook\FacebookResponse.php(255): Facebook\FacebookResponse->makeException()
#2 C:\xampp\htdocs\codeIgniter\new-app\app\Libraries\vendor\facebook\graph-sdk\src\Facebook\FacebookResponse.php(82): Facebook\FacebookResponse->decodeBody()
#3 C:\xampp\htdocs\codeIgniter\new-app\app\Libraries\vendor\facebook\graph-sdk\src\Facebook\FacebookClient.php(224): Facebook\FacebookResponse->__construct(Object(Facebook\FacebookRequest), '{"error":{"mess...', 400, Array)
#4 C:\xampp\htdocs\codeIgniter\new-app\app\Libraries\vendor\facebook\graph-sdk\src\Facebook\Authentication\OAuth2Client.php(277): Facebook\FacebookClient->sendRequest(Object(Facebook\FacebookRequest))
#5 C:\xampp\htdocs\codeIgniter\new-app\app\Libraries\vendor\facebook\graph-sdk\src\Facebook\Authentication\OAuth2Client.php(226): Facebook\Authentication\OAuth2Client->sendRequestWithClientParams('/oauth/access_t...', Array)
#6 C:\xampp\htdocs\codeIgniter\new-app\app\Libraries\vendor\facebook\graph-sdk\src\Facebook\Authentication\OAuth2Client.php(166): Facebook\Authentication\OAuth2Client->requestAnAccessToken(Array)
#7 C:\xampp\htdocs\codeIgniter\new-app\app\Libraries\vendor\facebook\graph-sdk\src\Facebook\Helpers\FacebookRedirectLoginHelper.php(228): Facebook\Authentication\OAuth2Client->getAccessTokenFromCode('AQCm7jr99Z7egs_...', 'https://localho...')
#8 C:\xampp\htdocs\codeIgniter\new-app\app\Controllers\LoginController.php(152): Facebook\Helpers\FacebookRedirectLoginHelper->getAccessToken()
#9 C:\xampp\htdocs\codeIgniter\new-app\system\CodeIgniter.php(824): App\Controllers\LoginController->login()
#10 C:\xampp\htdocs\codeIgniter\new-app\system\CodeIgniter.php(410): CodeIgniter\CodeIgniter->runController(Object(App\Controllers\LoginController))
#11 C:\xampp\htdocs\codeIgniter\new-app\system\CodeIgniter.php(318): CodeIgniter\CodeIgniter->handleRequest(NULL, Object(Config\Cache), false)
#12 C:\xampp\htdocs\codeIgniter\new-app\index.php(37): CodeIgniter\CodeIgniter->run()
#13 {main}
CRITICAL - 2023-02-14 19:54:06 --> This authorization code has been used.
#0 C:\xampp\htdocs\codeIgniter\new-app\app\Libraries\vendor\facebook\graph-sdk\src\Facebook\FacebookResponse.php(210): Facebook\Exceptions\FacebookResponseException::create(Object(Facebook\FacebookResponse))
#1 C:\xampp\htdocs\codeIgniter\new-app\app\Libraries\vendor\facebook\graph-sdk\src\Facebook\FacebookResponse.php(255): Facebook\FacebookResponse->makeException()
#2 C:\xampp\htdocs\codeIgniter\new-app\app\Libraries\vendor\facebook\graph-sdk\src\Facebook\FacebookResponse.php(82): Facebook\FacebookResponse->decodeBody()
#3 C:\xampp\htdocs\codeIgniter\new-app\app\Libraries\vendor\facebook\graph-sdk\src\Facebook\FacebookClient.php(224): Facebook\FacebookResponse->__construct(Object(Facebook\FacebookRequest), '{"error":{"mess...', 400, Array)
#4 C:\xampp\htdocs\codeIgniter\new-app\app\Libraries\vendor\facebook\graph-sdk\src\Facebook\Authentication\OAuth2Client.php(277): Facebook\FacebookClient->sendRequest(Object(Facebook\FacebookRequest))
#5 C:\xampp\htdocs\codeIgniter\new-app\app\Libraries\vendor\facebook\graph-sdk\src\Facebook\Authentication\OAuth2Client.php(226): Facebook\Authentication\OAuth2Client->sendRequestWithClientParams('/oauth/access_t...', Array)
#6 C:\xampp\htdocs\codeIgniter\new-app\app\Libraries\vendor\facebook\graph-sdk\src\Facebook\Authentication\OAuth2Client.php(166): Facebook\Authentication\OAuth2Client->requestAnAccessToken(Array)
#7 C:\xampp\htdocs\codeIgniter\new-app\app\Libraries\vendor\facebook\graph-sdk\src\Facebook\Helpers\FacebookRedirectLoginHelper.php(228): Facebook\Authentication\OAuth2Client->getAccessTokenFromCode('AQCm7jr99Z7egs_...', 'https://localho...')
#8 C:\xampp\htdocs\codeIgniter\new-app\app\Controllers\LoginController.php(152): Facebook\Helpers\FacebookRedirectLoginHelper->getAccessToken()
#9 C:\xampp\htdocs\codeIgniter\new-app\system\CodeIgniter.php(824): App\Controllers\LoginController->login()
#10 C:\xampp\htdocs\codeIgniter\new-app\system\CodeIgniter.php(410): CodeIgniter\CodeIgniter->runController(Object(App\Controllers\LoginController))
#11 C:\xampp\htdocs\codeIgniter\new-app\system\CodeIgniter.php(318): CodeIgniter\CodeIgniter->handleRequest(NULL, Object(Config\Cache), false)
#12 C:\xampp\htdocs\codeIgniter\new-app\index.php(37): CodeIgniter\CodeIgniter->run()
#13 {main}
CRITICAL - 2023-02-14 19:54:13 --> Syntax error "Expected name." at character 11: name,email,
#0 C:\xampp\htdocs\codeIgniter\new-app\app\Libraries\vendor\facebook\graph-sdk\src\Facebook\FacebookResponse.php(210): Facebook\Exceptions\FacebookResponseException::create(Object(Facebook\FacebookResponse))
#1 C:\xampp\htdocs\codeIgniter\new-app\app\Libraries\vendor\facebook\graph-sdk\src\Facebook\FacebookResponse.php(255): Facebook\FacebookResponse->makeException()
#2 C:\xampp\htdocs\codeIgniter\new-app\app\Libraries\vendor\facebook\graph-sdk\src\Facebook\FacebookResponse.php(82): Facebook\FacebookResponse->decodeBody()
#3 C:\xampp\htdocs\codeIgniter\new-app\app\Libraries\vendor\facebook\graph-sdk\src\Facebook\FacebookClient.php(224): Facebook\FacebookResponse->__construct(Object(Facebook\FacebookRequest), '{"error":{"mess...', 400, Array)
#4 C:\xampp\htdocs\codeIgniter\new-app\app\Libraries\vendor\facebook\graph-sdk\src\Facebook\Facebook.php(469): Facebook\FacebookClient->sendRequest(Object(Facebook\FacebookRequest))
#5 C:\xampp\htdocs\codeIgniter\new-app\app\Libraries\vendor\facebook\graph-sdk\src\Facebook\Facebook.php(336): Facebook\Facebook->sendRequest('GET', '/me?fields=name...', Array, Object(Facebook\Authentication\AccessToken), NULL, 'v2.3')
#6 C:\xampp\htdocs\codeIgniter\new-app\app\Controllers\LoginController.php(157): Facebook\Facebook->get('/me?fields=name...', Object(Facebook\Authentication\AccessToken))
#7 C:\xampp\htdocs\codeIgniter\new-app\system\CodeIgniter.php(824): App\Controllers\LoginController->login()
#8 C:\xampp\htdocs\codeIgniter\new-app\system\CodeIgniter.php(410): CodeIgniter\CodeIgniter->runController(Object(App\Controllers\LoginController))
#9 C:\xampp\htdocs\codeIgniter\new-app\system\CodeIgniter.php(318): CodeIgniter\CodeIgniter->handleRequest(NULL, Object(Config\Cache), false)
#10 C:\xampp\htdocs\codeIgniter\new-app\index.php(37): CodeIgniter\CodeIgniter->run()
#11 {main}
CRITICAL - 2023-02-14 19:54:54 --> Cross-site request forgery validation failed. Required GET param "state" missing.
#0 C:\xampp\htdocs\codeIgniter\new-app\app\Libraries\vendor\facebook\graph-sdk\src\Facebook\Helpers\FacebookRedirectLoginHelper.php(221): Facebook\Helpers\FacebookRedirectLoginHelper->validateCsrf()
#1 C:\xampp\htdocs\codeIgniter\new-app\app\Controllers\LoginController.php(152): Facebook\Helpers\FacebookRedirectLoginHelper->getAccessToken()
#2 C:\xampp\htdocs\codeIgniter\new-app\system\CodeIgniter.php(824): App\Controllers\LoginController->login()
#3 C:\xampp\htdocs\codeIgniter\new-app\system\CodeIgniter.php(410): CodeIgniter\CodeIgniter->runController(Object(App\Controllers\LoginController))
#4 C:\xampp\htdocs\codeIgniter\new-app\system\CodeIgniter.php(318): CodeIgniter\CodeIgniter->handleRequest(NULL, Object(Config\Cache), false)
#5 C:\xampp\htdocs\codeIgniter\new-app\index.php(37): CodeIgniter\CodeIgniter->run()
#6 {main}
CRITICAL - 2023-02-14 19:55:12 --> Cross-site request forgery validation failed. Required GET param "state" missing.
#0 C:\xampp\htdocs\codeIgniter\new-app\app\Libraries\vendor\facebook\graph-sdk\src\Facebook\Helpers\FacebookRedirectLoginHelper.php(221): Facebook\Helpers\FacebookRedirectLoginHelper->validateCsrf()
#1 C:\xampp\htdocs\codeIgniter\new-app\app\Controllers\LoginController.php(155): Facebook\Helpers\FacebookRedirectLoginHelper->getAccessToken()
#2 C:\xampp\htdocs\codeIgniter\new-app\system\CodeIgniter.php(824): App\Controllers\LoginController->login()
#3 C:\xampp\htdocs\codeIgniter\new-app\system\CodeIgniter.php(410): CodeIgniter\CodeIgniter->runController(Object(App\Controllers\LoginController))
#4 C:\xampp\htdocs\codeIgniter\new-app\system\CodeIgniter.php(318): CodeIgniter\CodeIgniter->handleRequest(NULL, Object(Config\Cache), false)
#5 C:\xampp\htdocs\codeIgniter\new-app\index.php(37): CodeIgniter\CodeIgniter->run()
#6 {main}
CRITICAL - 2023-02-14 19:55:22 --> Cross-site request forgery validation failed. Required GET param "state" missing.
#0 C:\xampp\htdocs\codeIgniter\new-app\app\Libraries\vendor\facebook\graph-sdk\src\Facebook\Helpers\FacebookRedirectLoginHelper.php(221): Facebook\Helpers\FacebookRedirectLoginHelper->validateCsrf()
#1 C:\xampp\htdocs\codeIgniter\new-app\app\Controllers\LoginController.php(155): Facebook\Helpers\FacebookRedirectLoginHelper->getAccessToken()
#2 C:\xampp\htdocs\codeIgniter\new-app\system\CodeIgniter.php(824): App\Controllers\LoginController->login()
#3 C:\xampp\htdocs\codeIgniter\new-app\system\CodeIgniter.php(410): CodeIgniter\CodeIgniter->runController(Object(App\Controllers\LoginController))
#4 C:\xampp\htdocs\codeIgniter\new-app\system\CodeIgniter.php(318): CodeIgniter\CodeIgniter->handleRequest(NULL, Object(Config\Cache), false)
#5 C:\xampp\htdocs\codeIgniter\new-app\index.php(37): CodeIgniter\CodeIgniter->run()
#6 {main}
CRITICAL - 2023-02-14 19:59:34 --> Array to string conversion
#0 C:\xampp\htdocs\codeIgniter\new-app\app\Views\user-login.php(222): CodeIgniter\Debug\Exceptions->errorHandler(8, 'Array to string...', 'C:\\xampp\\htdocs...', 222, Array)
#1 C:\xampp\htdocs\codeIgniter\new-app\system\View\View.php(214): include('C:\\xampp\\htdocs...')
#2 C:\xampp\htdocs\codeIgniter\new-app\system\View\View.php(217): CodeIgniter\View\View->CodeIgniter\View\{closure}()
#3 C:\xampp\htdocs\codeIgniter\new-app\system\Common.php(1097): CodeIgniter\View\View->render('user-login', Array, true)
#4 C:\xampp\htdocs\codeIgniter\new-app\app\Controllers\LoginController.php(196): view('user-login', Array)
#5 C:\xampp\htdocs\codeIgniter\new-app\system\CodeIgniter.php(824): App\Controllers\LoginController->login()
#6 C:\xampp\htdocs\codeIgniter\new-app\system\CodeIgniter.php(410): CodeIgniter\CodeIgniter->runController(Object(App\Controllers\LoginController))
#7 C:\xampp\htdocs\codeIgniter\new-app\system\CodeIgniter.php(318): CodeIgniter\CodeIgniter->handleRequest(NULL, Object(Config\Cache), false)
#8 C:\xampp\htdocs\codeIgniter\new-app\index.php(37): CodeIgniter\CodeIgniter->run()
#9 {main}
CRITICAL - 2023-02-14 20:02:58 --> Syntax error "Expected name." at character 11: name,email,
#0 C:\xampp\htdocs\codeIgniter\new-app\app\Libraries\vendor\facebook\graph-sdk\src\Facebook\FacebookResponse.php(210): Facebook\Exceptions\FacebookResponseException::create(Object(Facebook\FacebookResponse))
#1 C:\xampp\htdocs\codeIgniter\new-app\app\Libraries\vendor\facebook\graph-sdk\src\Facebook\FacebookResponse.php(255): Facebook\FacebookResponse->makeException()
#2 C:\xampp\htdocs\codeIgniter\new-app\app\Libraries\vendor\facebook\graph-sdk\src\Facebook\FacebookResponse.php(82): Facebook\FacebookResponse->decodeBody()
#3 C:\xampp\htdocs\codeIgniter\new-app\app\Libraries\vendor\facebook\graph-sdk\src\Facebook\FacebookClient.php(224): Facebook\FacebookResponse->__construct(Object(Facebook\FacebookRequest), '{"error":{"mess...', 400, Array)
#4 C:\xampp\htdocs\codeIgniter\new-app\app\Libraries\vendor\facebook\graph-sdk\src\Facebook\Facebook.php(469): Facebook\FacebookClient->sendRequest(Object(Facebook\FacebookRequest))
#5 C:\xampp\htdocs\codeIgniter\new-app\app\Libraries\vendor\facebook\graph-sdk\src\Facebook\Facebook.php(336): Facebook\Facebook->sendRequest('GET', '/me?fields=name...', Array, Object(Facebook\Authentication\AccessToken), NULL, 'v2.3')
#6 C:\xampp\htdocs\codeIgniter\new-app\app\Controllers\LoginController.php(173): Facebook\Facebook->get('/me?fields=name...', Object(Facebook\Authentication\AccessToken))
#7 C:\xampp\htdocs\codeIgniter\new-app\system\CodeIgniter.php(824): App\Controllers\LoginController->login()
#8 C:\xampp\htdocs\codeIgniter\new-app\system\CodeIgniter.php(410): CodeIgniter\CodeIgniter->runController(Object(App\Controllers\LoginController))
#9 C:\xampp\htdocs\codeIgniter\new-app\system\CodeIgniter.php(318): CodeIgniter\CodeIgniter->handleRequest(NULL, Object(Config\Cache), false)
#10 C:\xampp\htdocs\codeIgniter\new-app\index.php(37): CodeIgniter\CodeIgniter->run()
#11 {main}
