CRITICAL - 2023-02-15 08:07:06 --> Syntax error "Expected name." at character 11: name,email,
#0 C:\xampp\htdocs\codeIgniter\new-app\app\Libraries\vendor\facebook\graph-sdk\src\Facebook\FacebookResponse.php(210): Facebook\Exceptions\FacebookResponseException::create(Object(Facebook\FacebookResponse))
#1 C:\xampp\htdocs\codeIgniter\new-app\app\Libraries\vendor\facebook\graph-sdk\src\Facebook\FacebookResponse.php(255): Facebook\FacebookResponse->makeException()
#2 C:\xampp\htdocs\codeIgniter\new-app\app\Libraries\vendor\facebook\graph-sdk\src\Facebook\FacebookResponse.php(82): Facebook\FacebookResponse->decodeBody()
#3 C:\xampp\htdocs\codeIgniter\new-app\app\Libraries\vendor\facebook\graph-sdk\src\Facebook\FacebookClient.php(224): Facebook\FacebookResponse->__construct(Object(Facebook\FacebookRequest), '{"error":{"mess...', 400, Array)
#4 C:\xampp\htdocs\codeIgniter\new-app\app\Libraries\vendor\facebook\graph-sdk\src\Facebook\Facebook.php(469): Facebook\FacebookClient->sendRequest(Object(Facebook\FacebookRequest))
#5 C:\xampp\htdocs\codeIgniter\new-app\app\Libraries\vendor\facebook\graph-sdk\src\Facebook\Facebook.php(336): Facebook\Facebook->sendRequest('GET', '/me?fields=name...', Array, Object(Facebook\Authentication\AccessToken), NULL, 'v2.3')
#6 C:\xampp\htdocs\codeIgniter\new-app\app\Controllers\LoginController.php(171): Facebook\Facebook->get('/me?fields=name...', Object(Facebook\Authentication\AccessToken))
#7 C:\xampp\htdocs\codeIgniter\new-app\system\CodeIgniter.php(824): App\Controllers\LoginController->login()
#8 C:\xampp\htdocs\codeIgniter\new-app\system\CodeIgniter.php(410): CodeIgniter\CodeIgniter->runController(Object(App\Controllers\LoginController))
#9 C:\xampp\htdocs\codeIgniter\new-app\system\CodeIgniter.php(318): CodeIgniter\CodeIgniter->handleRequest(NULL, Object(Config\Cache), false)
#10 C:\xampp\htdocs\codeIgniter\new-app\index.php(37): CodeIgniter\CodeIgniter->run()
#11 {main}
CRITICAL - 2023-02-15 08:08:28 --> Call to undefined method Facebook\FacebookResponse::fetGraphUser()
#0 C:\xampp\htdocs\codeIgniter\new-app\system\CodeIgniter.php(824): App\Controllers\LoginController->login()
#1 C:\xampp\htdocs\codeIgniter\new-app\system\CodeIgniter.php(410): CodeIgniter\CodeIgniter->runController(Object(App\Controllers\LoginController))
#2 C:\xampp\htdocs\codeIgniter\new-app\system\CodeIgniter.php(318): CodeIgniter\CodeIgniter->handleRequest(NULL, Object(Config\Cache), false)
#3 C:\xampp\htdocs\codeIgniter\new-app\index.php(37): CodeIgniter\CodeIgniter->run()
#4 {main}
CRITICAL - 2023-02-15 08:09:06 --> This authorization code has been used.
#0 C:\xampp\htdocs\codeIgniter\new-app\app\Libraries\vendor\facebook\graph-sdk\src\Facebook\FacebookResponse.php(210): Facebook\Exceptions\FacebookResponseException::create(Object(Facebook\FacebookResponse))
#1 C:\xampp\htdocs\codeIgniter\new-app\app\Libraries\vendor\facebook\graph-sdk\src\Facebook\FacebookResponse.php(255): Facebook\FacebookResponse->makeException()
#2 C:\xampp\htdocs\codeIgniter\new-app\app\Libraries\vendor\facebook\graph-sdk\src\Facebook\FacebookResponse.php(82): Facebook\FacebookResponse->decodeBody()
#3 C:\xampp\htdocs\codeIgniter\new-app\app\Libraries\vendor\facebook\graph-sdk\src\Facebook\FacebookClient.php(224): Facebook\FacebookResponse->__construct(Object(Facebook\FacebookRequest), '{"error":{"mess...', 400, Array)
#4 C:\xampp\htdocs\codeIgniter\new-app\app\Libraries\vendor\facebook\graph-sdk\src\Facebook\Authentication\OAuth2Client.php(277): Facebook\FacebookClient->sendRequest(Object(Facebook\FacebookRequest))
#5 C:\xampp\htdocs\codeIgniter\new-app\app\Libraries\vendor\facebook\graph-sdk\src\Facebook\Authentication\OAuth2Client.php(226): Facebook\Authentication\OAuth2Client->sendRequestWithClientParams('/oauth/access_t...', Array)
#6 C:\xampp\htdocs\codeIgniter\new-app\app\Libraries\vendor\facebook\graph-sdk\src\Facebook\Authentication\OAuth2Client.php(166): Facebook\Authentication\OAuth2Client->requestAnAccessToken(Array)
#7 C:\xampp\htdocs\codeIgniter\new-app\app\Libraries\vendor\facebook\graph-sdk\src\Facebook\Helpers\FacebookRedirectLoginHelper.php(228): Facebook\Authentication\OAuth2Client->getAccessTokenFromCode('AQD56GKej3sLhya...', 'https://localho...')
#8 C:\xampp\htdocs\codeIgniter\new-app\app\Controllers\LoginController.php(166): Facebook\Helpers\FacebookRedirectLoginHelper->getAccessToken()
#9 C:\xampp\htdocs\codeIgniter\new-app\system\CodeIgniter.php(824): App\Controllers\LoginController->login()
#10 C:\xampp\htdocs\codeIgniter\new-app\system\CodeIgniter.php(410): CodeIgniter\CodeIgniter->runController(Object(App\Controllers\LoginController))
#11 C:\xampp\htdocs\codeIgniter\new-app\system\CodeIgniter.php(318): CodeIgniter\CodeIgniter->handleRequest(NULL, Object(Config\Cache), false)
#12 C:\xampp\htdocs\codeIgniter\new-app\index.php(37): CodeIgniter\CodeIgniter->run()
#13 {main}
CRITICAL - 2023-02-15 08:09:08 --> This authorization code has been used.
#0 C:\xampp\htdocs\codeIgniter\new-app\app\Libraries\vendor\facebook\graph-sdk\src\Facebook\FacebookResponse.php(210): Facebook\Exceptions\FacebookResponseException::create(Object(Facebook\FacebookResponse))
#1 C:\xampp\htdocs\codeIgniter\new-app\app\Libraries\vendor\facebook\graph-sdk\src\Facebook\FacebookResponse.php(255): Facebook\FacebookResponse->makeException()
#2 C:\xampp\htdocs\codeIgniter\new-app\app\Libraries\vendor\facebook\graph-sdk\src\Facebook\FacebookResponse.php(82): Facebook\FacebookResponse->decodeBody()
#3 C:\xampp\htdocs\codeIgniter\new-app\app\Libraries\vendor\facebook\graph-sdk\src\Facebook\FacebookClient.php(224): Facebook\FacebookResponse->__construct(Object(Facebook\FacebookRequest), '{"error":{"mess...', 400, Array)
#4 C:\xampp\htdocs\codeIgniter\new-app\app\Libraries\vendor\facebook\graph-sdk\src\Facebook\Authentication\OAuth2Client.php(277): Facebook\FacebookClient->sendRequest(Object(Facebook\FacebookRequest))
#5 C:\xampp\htdocs\codeIgniter\new-app\app\Libraries\vendor\facebook\graph-sdk\src\Facebook\Authentication\OAuth2Client.php(226): Facebook\Authentication\OAuth2Client->sendRequestWithClientParams('/oauth/access_t...', Array)
#6 C:\xampp\htdocs\codeIgniter\new-app\app\Libraries\vendor\facebook\graph-sdk\src\Facebook\Authentication\OAuth2Client.php(166): Facebook\Authentication\OAuth2Client->requestAnAccessToken(Array)
#7 C:\xampp\htdocs\codeIgniter\new-app\app\Libraries\vendor\facebook\graph-sdk\src\Facebook\Helpers\FacebookRedirectLoginHelper.php(228): Facebook\Authentication\OAuth2Client->getAccessTokenFromCode('AQD56GKej3sLhya...', 'https://localho...')
#8 C:\xampp\htdocs\codeIgniter\new-app\app\Controllers\LoginController.php(166): Facebook\Helpers\FacebookRedirectLoginHelper->getAccessToken()
#9 C:\xampp\htdocs\codeIgniter\new-app\system\CodeIgniter.php(824): App\Controllers\LoginController->login()
#10 C:\xampp\htdocs\codeIgniter\new-app\system\CodeIgniter.php(410): CodeIgniter\CodeIgniter->runController(Object(App\Controllers\LoginController))
#11 C:\xampp\htdocs\codeIgniter\new-app\system\CodeIgniter.php(318): CodeIgniter\CodeIgniter->handleRequest(NULL, Object(Config\Cache), false)
#12 C:\xampp\htdocs\codeIgniter\new-app\index.php(37): CodeIgniter\CodeIgniter->run()
#13 {main}
CRITICAL - 2023-02-15 08:21:47 --> Call to undefined method Facebook\FacebookResponse::fetGraphUser()
#0 C:\xampp\htdocs\codeIgniter\new-app\system\CodeIgniter.php(824): App\Controllers\LoginController->login()
#1 C:\xampp\htdocs\codeIgniter\new-app\system\CodeIgniter.php(410): CodeIgniter\CodeIgniter->runController(Object(App\Controllers\LoginController))
#2 C:\xampp\htdocs\codeIgniter\new-app\system\CodeIgniter.php(318): CodeIgniter\CodeIgniter->handleRequest(NULL, Object(Config\Cache), false)
#3 C:\xampp\htdocs\codeIgniter\new-app\index.php(37): CodeIgniter\CodeIgniter->run()
#4 {main}
CRITICAL - 2023-02-15 08:24:17 --> This authorization code has been used.
#0 C:\xampp\htdocs\codeIgniter\new-app\app\Libraries\vendor\facebook\graph-sdk\src\Facebook\FacebookResponse.php(210): Facebook\Exceptions\FacebookResponseException::create(Object(Facebook\FacebookResponse))
#1 C:\xampp\htdocs\codeIgniter\new-app\app\Libraries\vendor\facebook\graph-sdk\src\Facebook\FacebookResponse.php(255): Facebook\FacebookResponse->makeException()
#2 C:\xampp\htdocs\codeIgniter\new-app\app\Libraries\vendor\facebook\graph-sdk\src\Facebook\FacebookResponse.php(82): Facebook\FacebookResponse->decodeBody()
#3 C:\xampp\htdocs\codeIgniter\new-app\app\Libraries\vendor\facebook\graph-sdk\src\Facebook\FacebookClient.php(224): Facebook\FacebookResponse->__construct(Object(Facebook\FacebookRequest), '{"error":{"mess...', 400, Array)
#4 C:\xampp\htdocs\codeIgniter\new-app\app\Libraries\vendor\facebook\graph-sdk\src\Facebook\Authentication\OAuth2Client.php(277): Facebook\FacebookClient->sendRequest(Object(Facebook\FacebookRequest))
#5 C:\xampp\htdocs\codeIgniter\new-app\app\Libraries\vendor\facebook\graph-sdk\src\Facebook\Authentication\OAuth2Client.php(226): Facebook\Authentication\OAuth2Client->sendRequestWithClientParams('/oauth/access_t...', Array)
#6 C:\xampp\htdocs\codeIgniter\new-app\app\Libraries\vendor\facebook\graph-sdk\src\Facebook\Authentication\OAuth2Client.php(166): Facebook\Authentication\OAuth2Client->requestAnAccessToken(Array)
#7 C:\xampp\htdocs\codeIgniter\new-app\app\Libraries\vendor\facebook\graph-sdk\src\Facebook\Helpers\FacebookRedirectLoginHelper.php(228): Facebook\Authentication\OAuth2Client->getAccessTokenFromCode('AQDEXzJbUJw6HO3...', 'https://localho...')
#8 C:\xampp\htdocs\codeIgniter\new-app\app\Controllers\LoginController.php(167): Facebook\Helpers\FacebookRedirectLoginHelper->getAccessToken()
#9 C:\xampp\htdocs\codeIgniter\new-app\system\CodeIgniter.php(824): App\Controllers\LoginController->login()
#10 C:\xampp\htdocs\codeIgniter\new-app\system\CodeIgniter.php(410): CodeIgniter\CodeIgniter->runController(Object(App\Controllers\LoginController))
#11 C:\xampp\htdocs\codeIgniter\new-app\system\CodeIgniter.php(318): CodeIgniter\CodeIgniter->handleRequest(NULL, Object(Config\Cache), false)
#12 C:\xampp\htdocs\codeIgniter\new-app\index.php(37): CodeIgniter\CodeIgniter->run()
#13 {main}
CRITICAL - 2023-02-15 08:24:18 --> This authorization code has been used.
#0 C:\xampp\htdocs\codeIgniter\new-app\app\Libraries\vendor\facebook\graph-sdk\src\Facebook\FacebookResponse.php(210): Facebook\Exceptions\FacebookResponseException::create(Object(Facebook\FacebookResponse))
#1 C:\xampp\htdocs\codeIgniter\new-app\app\Libraries\vendor\facebook\graph-sdk\src\Facebook\FacebookResponse.php(255): Facebook\FacebookResponse->makeException()
#2 C:\xampp\htdocs\codeIgniter\new-app\app\Libraries\vendor\facebook\graph-sdk\src\Facebook\FacebookResponse.php(82): Facebook\FacebookResponse->decodeBody()
#3 C:\xampp\htdocs\codeIgniter\new-app\app\Libraries\vendor\facebook\graph-sdk\src\Facebook\FacebookClient.php(224): Facebook\FacebookResponse->__construct(Object(Facebook\FacebookRequest), '{"error":{"mess...', 400, Array)
#4 C:\xampp\htdocs\codeIgniter\new-app\app\Libraries\vendor\facebook\graph-sdk\src\Facebook\Authentication\OAuth2Client.php(277): Facebook\FacebookClient->sendRequest(Object(Facebook\FacebookRequest))
#5 C:\xampp\htdocs\codeIgniter\new-app\app\Libraries\vendor\facebook\graph-sdk\src\Facebook\Authentication\OAuth2Client.php(226): Facebook\Authentication\OAuth2Client->sendRequestWithClientParams('/oauth/access_t...', Array)
#6 C:\xampp\htdocs\codeIgniter\new-app\app\Libraries\vendor\facebook\graph-sdk\src\Facebook\Authentication\OAuth2Client.php(166): Facebook\Authentication\OAuth2Client->requestAnAccessToken(Array)
#7 C:\xampp\htdocs\codeIgniter\new-app\app\Libraries\vendor\facebook\graph-sdk\src\Facebook\Helpers\FacebookRedirectLoginHelper.php(228): Facebook\Authentication\OAuth2Client->getAccessTokenFromCode('AQDEXzJbUJw6HO3...', 'https://localho...')
#8 C:\xampp\htdocs\codeIgniter\new-app\app\Controllers\LoginController.php(167): Facebook\Helpers\FacebookRedirectLoginHelper->getAccessToken()
#9 C:\xampp\htdocs\codeIgniter\new-app\system\CodeIgniter.php(824): App\Controllers\LoginController->login()
#10 C:\xampp\htdocs\codeIgniter\new-app\system\CodeIgniter.php(410): CodeIgniter\CodeIgniter->runController(Object(App\Controllers\LoginController))
#11 C:\xampp\htdocs\codeIgniter\new-app\system\CodeIgniter.php(318): CodeIgniter\CodeIgniter->handleRequest(NULL, Object(Config\Cache), false)
#12 C:\xampp\htdocs\codeIgniter\new-app\index.php(37): CodeIgniter\CodeIgniter->run()
#13 {main}
