CRITICAL - 2022-03-04 07:34:57 -->  route cannot be found while reverse-routing.
#0 C:\xampp\htdocs\codeIgniter\new-app\system\HTTP\RedirectResponse.php(56): CodeIgniter\HTTP\Exceptions\HTTPException::forInvalidRedirectRoute('')
#1 C:\xampp\htdocs\codeIgniter\new-app\system\Common.php(840): CodeIgniter\HTTP\RedirectResponse->route(false)
#2 C:\xampp\htdocs\codeIgniter\new-app\app\Controllers\LoginController.php(126): redirect('user/Dashboard')
#3 C:\xampp\htdocs\codeIgniter\new-app\system\CodeIgniter.php(824): App\Controllers\LoginController->verify()
#4 C:\xampp\htdocs\codeIgniter\new-app\system\CodeIgniter.php(410): CodeIgniter\CodeIgniter->runController(Object(App\Controllers\LoginController))
#5 C:\xampp\htdocs\codeIgniter\new-app\system\CodeIgniter.php(318): CodeIgniter\CodeIgniter->handleRequest(NULL, Object(Config\Cache), false)
#6 C:\xampp\htdocs\codeIgniter\new-app\index.php(37): CodeIgniter\CodeIgniter->run()
#7 {main}
CRITICAL - 2022-03-04 07:35:22 -->  route cannot be found while reverse-routing.
#0 C:\xampp\htdocs\codeIgniter\new-app\system\HTTP\RedirectResponse.php(56): CodeIgniter\HTTP\Exceptions\HTTPException::forInvalidRedirectRoute('')
#1 C:\xampp\htdocs\codeIgniter\new-app\system\Common.php(840): CodeIgniter\HTTP\RedirectResponse->route(false)
#2 C:\xampp\htdocs\codeIgniter\new-app\app\Filters\GuestFilter.php(17): redirect('user/Dashboard')
#3 C:\xampp\htdocs\codeIgniter\new-app\system\Filters\Filters.php(173): App\Filters\GuestFilter->before(Object(CodeIgniter\HTTP\IncomingRequest), NULL)
#4 C:\xampp\htdocs\codeIgniter\new-app\system\CodeIgniter.php(384): CodeIgniter\Filters\Filters->run('login', 'before')
#5 C:\xampp\htdocs\codeIgniter\new-app\system\CodeIgniter.php(318): CodeIgniter\CodeIgniter->handleRequest(NULL, Object(Config\Cache), false)
#6 C:\xampp\htdocs\codeIgniter\new-app\index.php(37): CodeIgniter\CodeIgniter->run()
#7 {main}
CRITICAL - 2022-03-04 07:35:25 -->  route cannot be found while reverse-routing.
#0 C:\xampp\htdocs\codeIgniter\new-app\system\HTTP\RedirectResponse.php(56): CodeIgniter\HTTP\Exceptions\HTTPException::forInvalidRedirectRoute('')
#1 C:\xampp\htdocs\codeIgniter\new-app\system\Common.php(840): CodeIgniter\HTTP\RedirectResponse->route(false)
#2 C:\xampp\htdocs\codeIgniter\new-app\app\Filters\GuestFilter.php(17): redirect('user/Dashboard')
#3 C:\xampp\htdocs\codeIgniter\new-app\system\Filters\Filters.php(173): App\Filters\GuestFilter->before(Object(CodeIgniter\HTTP\IncomingRequest), NULL)
#4 C:\xampp\htdocs\codeIgniter\new-app\system\CodeIgniter.php(384): CodeIgniter\Filters\Filters->run('login', 'before')
#5 C:\xampp\htdocs\codeIgniter\new-app\system\CodeIgniter.php(318): CodeIgniter\CodeIgniter->handleRequest(NULL, Object(Config\Cache), false)
#6 C:\xampp\htdocs\codeIgniter\new-app\index.php(37): CodeIgniter\CodeIgniter->run()
#7 {main}
CRITICAL - 2022-03-04 07:35:26 -->  route cannot be found while reverse-routing.
#0 C:\xampp\htdocs\codeIgniter\new-app\system\HTTP\RedirectResponse.php(56): CodeIgniter\HTTP\Exceptions\HTTPException::forInvalidRedirectRoute('')
#1 C:\xampp\htdocs\codeIgniter\new-app\system\Common.php(840): CodeIgniter\HTTP\RedirectResponse->route(false)
#2 C:\xampp\htdocs\codeIgniter\new-app\app\Filters\GuestFilter.php(17): redirect('user/Dashboard')
#3 C:\xampp\htdocs\codeIgniter\new-app\system\Filters\Filters.php(173): App\Filters\GuestFilter->before(Object(CodeIgniter\HTTP\IncomingRequest), NULL)
#4 C:\xampp\htdocs\codeIgniter\new-app\system\CodeIgniter.php(384): CodeIgniter\Filters\Filters->run('register', 'before')
#5 C:\xampp\htdocs\codeIgniter\new-app\system\CodeIgniter.php(318): CodeIgniter\CodeIgniter->handleRequest(NULL, Object(Config\Cache), false)
#6 C:\xampp\htdocs\codeIgniter\new-app\index.php(37): CodeIgniter\CodeIgniter->run()
#7 {main}
CRITICAL - 2022-03-04 07:35:28 -->  route cannot be found while reverse-routing.
#0 C:\xampp\htdocs\codeIgniter\new-app\system\HTTP\RedirectResponse.php(56): CodeIgniter\HTTP\Exceptions\HTTPException::forInvalidRedirectRoute('')
#1 C:\xampp\htdocs\codeIgniter\new-app\system\Common.php(840): CodeIgniter\HTTP\RedirectResponse->route(false)
#2 C:\xampp\htdocs\codeIgniter\new-app\app\Filters\GuestFilter.php(17): redirect('user/Dashboard')
#3 C:\xampp\htdocs\codeIgniter\new-app\system\Filters\Filters.php(173): App\Filters\GuestFilter->before(Object(CodeIgniter\HTTP\IncomingRequest), NULL)
#4 C:\xampp\htdocs\codeIgniter\new-app\system\CodeIgniter.php(384): CodeIgniter\Filters\Filters->run('register', 'before')
#5 C:\xampp\htdocs\codeIgniter\new-app\system\CodeIgniter.php(318): CodeIgniter\CodeIgniter->handleRequest(NULL, Object(Config\Cache), false)
#6 C:\xampp\htdocs\codeIgniter\new-app\index.php(37): CodeIgniter\CodeIgniter->run()
#7 {main}
CRITICAL - 2022-03-04 07:36:00 -->  route cannot be found while reverse-routing.
#0 C:\xampp\htdocs\codeIgniter\new-app\system\HTTP\RedirectResponse.php(56): CodeIgniter\HTTP\Exceptions\HTTPException::forInvalidRedirectRoute('')
#1 C:\xampp\htdocs\codeIgniter\new-app\system\Common.php(840): CodeIgniter\HTTP\RedirectResponse->route(false)
#2 C:\xampp\htdocs\codeIgniter\new-app\app\Controllers\LoginController.php(126): redirect('user/Dashboard')
#3 C:\xampp\htdocs\codeIgniter\new-app\system\CodeIgniter.php(824): App\Controllers\LoginController->verify()
#4 C:\xampp\htdocs\codeIgniter\new-app\system\CodeIgniter.php(410): CodeIgniter\CodeIgniter->runController(Object(App\Controllers\LoginController))
#5 C:\xampp\htdocs\codeIgniter\new-app\system\CodeIgniter.php(318): CodeIgniter\CodeIgniter->handleRequest(NULL, Object(Config\Cache), false)
#6 C:\xampp\htdocs\codeIgniter\new-app\index.php(37): CodeIgniter\CodeIgniter->run()
#7 {main}
CRITICAL - 2022-03-04 07:37:17 -->  route cannot be found while reverse-routing.
#0 C:\xampp\htdocs\codeIgniter\new-app\system\HTTP\RedirectResponse.php(56): CodeIgniter\HTTP\Exceptions\HTTPException::forInvalidRedirectRoute('')
#1 C:\xampp\htdocs\codeIgniter\new-app\system\Common.php(840): CodeIgniter\HTTP\RedirectResponse->route(false)
#2 C:\xampp\htdocs\codeIgniter\new-app\app\Filters\GuestFilter.php(17): redirect('user/Dashboard')
#3 C:\xampp\htdocs\codeIgniter\new-app\system\Filters\Filters.php(173): App\Filters\GuestFilter->before(Object(CodeIgniter\HTTP\IncomingRequest), NULL)
#4 C:\xampp\htdocs\codeIgniter\new-app\system\CodeIgniter.php(384): CodeIgniter\Filters\Filters->run('login', 'before')
#5 C:\xampp\htdocs\codeIgniter\new-app\system\CodeIgniter.php(318): CodeIgniter\CodeIgniter->handleRequest(NULL, Object(Config\Cache), false)
#6 C:\xampp\htdocs\codeIgniter\new-app\index.php(37): CodeIgniter\CodeIgniter->run()
#7 {main}
CRITICAL - 2022-03-04 07:37:17 -->  route cannot be found while reverse-routing.
#0 C:\xampp\htdocs\codeIgniter\new-app\system\HTTP\RedirectResponse.php(56): CodeIgniter\HTTP\Exceptions\HTTPException::forInvalidRedirectRoute('')
#1 C:\xampp\htdocs\codeIgniter\new-app\system\Common.php(840): CodeIgniter\HTTP\RedirectResponse->route(false)
#2 C:\xampp\htdocs\codeIgniter\new-app\app\Filters\GuestFilter.php(17): redirect('user/Dashboard')
#3 C:\xampp\htdocs\codeIgniter\new-app\system\Filters\Filters.php(173): App\Filters\GuestFilter->before(Object(CodeIgniter\HTTP\IncomingRequest), NULL)
#4 C:\xampp\htdocs\codeIgniter\new-app\system\CodeIgniter.php(384): CodeIgniter\Filters\Filters->run('login', 'before')
#5 C:\xampp\htdocs\codeIgniter\new-app\system\CodeIgniter.php(318): CodeIgniter\CodeIgniter->handleRequest(NULL, Object(Config\Cache), false)
#6 C:\xampp\htdocs\codeIgniter\new-app\index.php(37): CodeIgniter\CodeIgniter->run()
#7 {main}
CRITICAL - 2022-03-04 07:38:13 -->  route cannot be found while reverse-routing.
#0 C:\xampp\htdocs\codeIgniter\new-app\system\HTTP\RedirectResponse.php(56): CodeIgniter\HTTP\Exceptions\HTTPException::forInvalidRedirectRoute('')
#1 C:\xampp\htdocs\codeIgniter\new-app\system\Common.php(840): CodeIgniter\HTTP\RedirectResponse->route(false)
#2 C:\xampp\htdocs\codeIgniter\new-app\app\Filters\GuestFilter.php(17): redirect('user/Dashboard')
#3 C:\xampp\htdocs\codeIgniter\new-app\system\Filters\Filters.php(173): App\Filters\GuestFilter->before(Object(CodeIgniter\HTTP\IncomingRequest), NULL)
#4 C:\xampp\htdocs\codeIgniter\new-app\system\CodeIgniter.php(384): CodeIgniter\Filters\Filters->run('loginUser', 'before')
#5 C:\xampp\htdocs\codeIgniter\new-app\system\CodeIgniter.php(318): CodeIgniter\CodeIgniter->handleRequest(NULL, Object(Config\Cache), false)
#6 C:\xampp\htdocs\codeIgniter\new-app\index.php(37): CodeIgniter\CodeIgniter->run()
#7 {main}
CRITICAL - 2022-03-04 07:40:23 --> Invalid file: user/.php
#0 C:\xampp\htdocs\codeIgniter\new-app\system\View\View.php(198): CodeIgniter\Exceptions\FrameworkException::forInvalidFile('user/.php')
#1 C:\xampp\htdocs\codeIgniter\new-app\system\Common.php(1097): CodeIgniter\View\View->render('user/', Array, true)
#2 C:\xampp\htdocs\codeIgniter\new-app\app\Controllers\UserProfilePage.php(37): view('user/', Array)
#3 C:\xampp\htdocs\codeIgniter\new-app\system\CodeIgniter.php(824): App\Controllers\UserProfilePage->index()
#4 C:\xampp\htdocs\codeIgniter\new-app\system\CodeIgniter.php(410): CodeIgniter\CodeIgniter->runController(Object(App\Controllers\UserProfilePage))
#5 C:\xampp\htdocs\codeIgniter\new-app\system\CodeIgniter.php(318): CodeIgniter\CodeIgniter->handleRequest(NULL, Object(Config\Cache), false)
#6 C:\xampp\htdocs\codeIgniter\new-app\index.php(37): CodeIgniter\CodeIgniter->run()
#7 {main}
CRITICAL - 2022-03-04 07:40:26 --> Invalid file: user/.php
#0 C:\xampp\htdocs\codeIgniter\new-app\system\View\View.php(198): CodeIgniter\Exceptions\FrameworkException::forInvalidFile('user/.php')
#1 C:\xampp\htdocs\codeIgniter\new-app\system\Common.php(1097): CodeIgniter\View\View->render('user/', Array, true)
#2 C:\xampp\htdocs\codeIgniter\new-app\app\Controllers\UserProfilePage.php(37): view('user/', Array)
#3 C:\xampp\htdocs\codeIgniter\new-app\system\CodeIgniter.php(824): App\Controllers\UserProfilePage->index()
#4 C:\xampp\htdocs\codeIgniter\new-app\system\CodeIgniter.php(410): CodeIgniter\CodeIgniter->runController(Object(App\Controllers\UserProfilePage))
#5 C:\xampp\htdocs\codeIgniter\new-app\system\CodeIgniter.php(318): CodeIgniter\CodeIgniter->handleRequest(NULL, Object(Config\Cache), false)
#6 C:\xampp\htdocs\codeIgniter\new-app\index.php(37): CodeIgniter\CodeIgniter->run()
#7 {main}
CRITICAL - 2022-03-04 07:42:05 -->  route cannot be found while reverse-routing.
#0 C:\xampp\htdocs\codeIgniter\new-app\system\HTTP\RedirectResponse.php(56): CodeIgniter\HTTP\Exceptions\HTTPException::forInvalidRedirectRoute('')
#1 C:\xampp\htdocs\codeIgniter\new-app\system\Common.php(840): CodeIgniter\HTTP\RedirectResponse->route(false)
#2 C:\xampp\htdocs\codeIgniter\new-app\app\Controllers\LoginController.php(126): redirect('user/Dashboard')
#3 C:\xampp\htdocs\codeIgniter\new-app\system\CodeIgniter.php(824): App\Controllers\LoginController->verify()
#4 C:\xampp\htdocs\codeIgniter\new-app\system\CodeIgniter.php(410): CodeIgniter\CodeIgniter->runController(Object(App\Controllers\LoginController))
#5 C:\xampp\htdocs\codeIgniter\new-app\system\CodeIgniter.php(318): CodeIgniter\CodeIgniter->handleRequest(NULL, Object(Config\Cache), false)
#6 C:\xampp\htdocs\codeIgniter\new-app\index.php(37): CodeIgniter\CodeIgniter->run()
#7 {main}
CRITICAL - 2022-03-04 07:44:13 -->  route cannot be found while reverse-routing.
#0 C:\xampp\htdocs\codeIgniter\new-app\system\HTTP\RedirectResponse.php(56): CodeIgniter\HTTP\Exceptions\HTTPException::forInvalidRedirectRoute('')
#1 C:\xampp\htdocs\codeIgniter\new-app\system\Common.php(840): CodeIgniter\HTTP\RedirectResponse->route(false)
#2 C:\xampp\htdocs\codeIgniter\new-app\app\Controllers\LoginController.php(126): redirect('user/Dashboard')
#3 C:\xampp\htdocs\codeIgniter\new-app\system\CodeIgniter.php(824): App\Controllers\LoginController->verify()
#4 C:\xampp\htdocs\codeIgniter\new-app\system\CodeIgniter.php(410): CodeIgniter\CodeIgniter->runController(Object(App\Controllers\LoginController))
#5 C:\xampp\htdocs\codeIgniter\new-app\system\CodeIgniter.php(318): CodeIgniter\CodeIgniter->handleRequest(NULL, Object(Config\Cache), false)
#6 C:\xampp\htdocs\codeIgniter\new-app\index.php(37): CodeIgniter\CodeIgniter->run()
#7 {main}
CRITICAL - 2022-03-04 07:44:49 -->  route cannot be found while reverse-routing.
#0 C:\xampp\htdocs\codeIgniter\new-app\system\HTTP\RedirectResponse.php(56): CodeIgniter\HTTP\Exceptions\HTTPException::forInvalidRedirectRoute('')
#1 C:\xampp\htdocs\codeIgniter\new-app\system\Common.php(840): CodeIgniter\HTTP\RedirectResponse->route(false)
#2 C:\xampp\htdocs\codeIgniter\new-app\app\Controllers\LoginController.php(126): redirect('user/')
#3 C:\xampp\htdocs\codeIgniter\new-app\system\CodeIgniter.php(824): App\Controllers\LoginController->verify()
#4 C:\xampp\htdocs\codeIgniter\new-app\system\CodeIgniter.php(410): CodeIgniter\CodeIgniter->runController(Object(App\Controllers\LoginController))
#5 C:\xampp\htdocs\codeIgniter\new-app\system\CodeIgniter.php(318): CodeIgniter\CodeIgniter->handleRequest(NULL, Object(Config\Cache), false)
#6 C:\xampp\htdocs\codeIgniter\new-app\index.php(37): CodeIgniter\CodeIgniter->run()
#7 {main}
CRITICAL - 2022-03-04 07:45:48 -->  route cannot be found while reverse-routing.
#0 C:\xampp\htdocs\codeIgniter\new-app\system\HTTP\RedirectResponse.php(56): CodeIgniter\HTTP\Exceptions\HTTPException::forInvalidRedirectRoute('')
#1 C:\xampp\htdocs\codeIgniter\new-app\system\Common.php(840): CodeIgniter\HTTP\RedirectResponse->route(false)
#2 C:\xampp\htdocs\codeIgniter\new-app\app\Filters\GuestFilter.php(17): redirect('user/Dashboard')
#3 C:\xampp\htdocs\codeIgniter\new-app\system\Filters\Filters.php(173): App\Filters\GuestFilter->before(Object(CodeIgniter\HTTP\IncomingRequest), NULL)
#4 C:\xampp\htdocs\codeIgniter\new-app\system\CodeIgniter.php(384): CodeIgniter\Filters\Filters->run('loginUser', 'before')
#5 C:\xampp\htdocs\codeIgniter\new-app\system\CodeIgniter.php(318): CodeIgniter\CodeIgniter->handleRequest(NULL, Object(Config\Cache), false)
#6 C:\xampp\htdocs\codeIgniter\new-app\index.php(37): CodeIgniter\CodeIgniter->run()
#7 {main}
CRITICAL - 2022-03-04 07:45:55 -->  route cannot be found while reverse-routing.
#0 C:\xampp\htdocs\codeIgniter\new-app\system\HTTP\RedirectResponse.php(56): CodeIgniter\HTTP\Exceptions\HTTPException::forInvalidRedirectRoute('')
#1 C:\xampp\htdocs\codeIgniter\new-app\system\Common.php(840): CodeIgniter\HTTP\RedirectResponse->route(false)
#2 C:\xampp\htdocs\codeIgniter\new-app\app\Filters\GuestFilter.php(17): redirect('user/Dashboard')
#3 C:\xampp\htdocs\codeIgniter\new-app\system\Filters\Filters.php(173): App\Filters\GuestFilter->before(Object(CodeIgniter\HTTP\IncomingRequest), NULL)
#4 C:\xampp\htdocs\codeIgniter\new-app\system\CodeIgniter.php(384): CodeIgniter\Filters\Filters->run('loginUser', 'before')
#5 C:\xampp\htdocs\codeIgniter\new-app\system\CodeIgniter.php(318): CodeIgniter\CodeIgniter->handleRequest(NULL, Object(Config\Cache), false)
#6 C:\xampp\htdocs\codeIgniter\new-app\index.php(37): CodeIgniter\CodeIgniter->run()
#7 {main}
CRITICAL - 2022-03-04 07:46:09 -->  route cannot be found while reverse-routing.
#0 C:\xampp\htdocs\codeIgniter\new-app\system\HTTP\RedirectResponse.php(56): CodeIgniter\HTTP\Exceptions\HTTPException::forInvalidRedirectRoute('')
#1 C:\xampp\htdocs\codeIgniter\new-app\system\Common.php(840): CodeIgniter\HTTP\RedirectResponse->route(false)
#2 C:\xampp\htdocs\codeIgniter\new-app\app\Filters\GuestFilter.php(17): redirect('user/Dashboard')
#3 C:\xampp\htdocs\codeIgniter\new-app\system\Filters\Filters.php(173): App\Filters\GuestFilter->before(Object(CodeIgniter\HTTP\IncomingRequest), NULL)
#4 C:\xampp\htdocs\codeIgniter\new-app\system\CodeIgniter.php(384): CodeIgniter\Filters\Filters->run('login', 'before')
#5 C:\xampp\htdocs\codeIgniter\new-app\system\CodeIgniter.php(318): CodeIgniter\CodeIgniter->handleRequest(NULL, Object(Config\Cache), false)
#6 C:\xampp\htdocs\codeIgniter\new-app\index.php(37): CodeIgniter\CodeIgniter->run()
#7 {main}
CRITICAL - 2022-03-04 07:47:47 -->  route cannot be found while reverse-routing.
#0 C:\xampp\htdocs\codeIgniter\new-app\system\HTTP\RedirectResponse.php(56): CodeIgniter\HTTP\Exceptions\HTTPException::forInvalidRedirectRoute('')
#1 C:\xampp\htdocs\codeIgniter\new-app\system\Common.php(840): CodeIgniter\HTTP\RedirectResponse->route(false)
#2 C:\xampp\htdocs\codeIgniter\new-app\app\Filters\GuestFilter.php(17): redirect('user/Dashboard')
#3 C:\xampp\htdocs\codeIgniter\new-app\system\Filters\Filters.php(173): App\Filters\GuestFilter->before(Object(CodeIgniter\HTTP\IncomingRequest), NULL)
#4 C:\xampp\htdocs\codeIgniter\new-app\system\CodeIgniter.php(384): CodeIgniter\Filters\Filters->run('loginUser', 'before')
#5 C:\xampp\htdocs\codeIgniter\new-app\system\CodeIgniter.php(318): CodeIgniter\CodeIgniter->handleRequest(NULL, Object(Config\Cache), false)
#6 C:\xampp\htdocs\codeIgniter\new-app\index.php(37): CodeIgniter\CodeIgniter->run()
#7 {main}
CRITICAL - 2022-03-04 07:48:02 -->  route cannot be found while reverse-routing.
#0 C:\xampp\htdocs\codeIgniter\new-app\system\HTTP\RedirectResponse.php(56): CodeIgniter\HTTP\Exceptions\HTTPException::forInvalidRedirectRoute('')
#1 C:\xampp\htdocs\codeIgniter\new-app\system\Common.php(840): CodeIgniter\HTTP\RedirectResponse->route(false)
#2 C:\xampp\htdocs\codeIgniter\new-app\app\Filters\GuestFilter.php(17): redirect('user/Dashboard')
#3 C:\xampp\htdocs\codeIgniter\new-app\system\Filters\Filters.php(173): App\Filters\GuestFilter->before(Object(CodeIgniter\HTTP\IncomingRequest), NULL)
#4 C:\xampp\htdocs\codeIgniter\new-app\system\CodeIgniter.php(384): CodeIgniter\Filters\Filters->run('login', 'before')
#5 C:\xampp\htdocs\codeIgniter\new-app\system\CodeIgniter.php(318): CodeIgniter\CodeIgniter->handleRequest(NULL, Object(Config\Cache), false)
#6 C:\xampp\htdocs\codeIgniter\new-app\index.php(37): CodeIgniter\CodeIgniter->run()
#7 {main}
