CRITICAL - 2022-06-24 09:40:56 -->  route cannot be found while reverse-routing.
#0 C:\xampp\htdocs\codeIgniter\new-app\system\HTTP\RedirectResponse.php(56): CodeIgniter\HTTP\Exceptions\HTTPException::forInvalidRedirectRoute('')
#1 C:\xampp\htdocs\codeIgniter\new-app\system\Common.php(840): CodeIgniter\HTTP\RedirectResponse->route(false)
#2 C:\xampp\htdocs\codeIgniter\new-app\app\Filters\GuestFilter.php(17): redirect('user/Dashboard')
#3 C:\xampp\htdocs\codeIgniter\new-app\system\Filters\Filters.php(173): App\Filters\GuestFilter->before(Object(CodeIgniter\HTTP\IncomingRequest), NULL)
#4 C:\xampp\htdocs\codeIgniter\new-app\system\CodeIgniter.php(384): CodeIgniter\Filters\Filters->run('login', 'before')
#5 C:\xampp\htdocs\codeIgniter\new-app\system\CodeIgniter.php(318): CodeIgniter\CodeIgniter->handleRequest(NULL, Object(Config\Cache), false)
#6 C:\xampp\htdocs\codeIgniter\new-app\index.php(37): CodeIgniter\CodeIgniter->run()
#7 {main}
CRITICAL - 2022-06-24 09:41:44 -->  route cannot be found while reverse-routing.
#0 C:\xampp\htdocs\codeIgniter\new-app\system\HTTP\RedirectResponse.php(56): CodeIgniter\HTTP\Exceptions\HTTPException::forInvalidRedirectRoute('')
#1 C:\xampp\htdocs\codeIgniter\new-app\system\Common.php(840): CodeIgniter\HTTP\RedirectResponse->route(false)
#2 C:\xampp\htdocs\codeIgniter\new-app\app\Filters\GuestFilter.php(17): redirect('user/Dashboard')
#3 C:\xampp\htdocs\codeIgniter\new-app\system\Filters\Filters.php(173): App\Filters\GuestFilter->before(Object(CodeIgniter\HTTP\IncomingRequest), NULL)
#4 C:\xampp\htdocs\codeIgniter\new-app\system\CodeIgniter.php(384): CodeIgniter\Filters\Filters->run('login', 'before')
#5 C:\xampp\htdocs\codeIgniter\new-app\system\CodeIgniter.php(318): CodeIgniter\CodeIgniter->handleRequest(NULL, Object(Config\Cache), false)
#6 C:\xampp\htdocs\codeIgniter\new-app\index.php(37): CodeIgniter\CodeIgniter->run()
#7 {main}
CRITICAL - 2022-06-24 09:41:46 -->  route cannot be found while reverse-routing.
#0 C:\xampp\htdocs\codeIgniter\new-app\system\HTTP\RedirectResponse.php(56): CodeIgniter\HTTP\Exceptions\HTTPException::forInvalidRedirectRoute('')
#1 C:\xampp\htdocs\codeIgniter\new-app\system\Common.php(840): CodeIgniter\HTTP\RedirectResponse->route(false)
#2 C:\xampp\htdocs\codeIgniter\new-app\app\Filters\GuestFilter.php(17): redirect('user/Dashboard')
#3 C:\xampp\htdocs\codeIgniter\new-app\system\Filters\Filters.php(173): App\Filters\GuestFilter->before(Object(CodeIgniter\HTTP\IncomingRequest), NULL)
#4 C:\xampp\htdocs\codeIgniter\new-app\system\CodeIgniter.php(384): CodeIgniter\Filters\Filters->run('login', 'before')
#5 C:\xampp\htdocs\codeIgniter\new-app\system\CodeIgniter.php(318): CodeIgniter\CodeIgniter->handleRequest(NULL, Object(Config\Cache), false)
#6 C:\xampp\htdocs\codeIgniter\new-app\index.php(37): CodeIgniter\CodeIgniter->run()
#7 {main}
CRITICAL - 2022-06-24 09:43:33 -->  route cannot be found while reverse-routing.
#0 C:\xampp\htdocs\codeIgniter\new-app\system\HTTP\RedirectResponse.php(56): CodeIgniter\HTTP\Exceptions\HTTPException::forInvalidRedirectRoute('')
#1 C:\xampp\htdocs\codeIgniter\new-app\system\Common.php(840): CodeIgniter\HTTP\RedirectResponse->route(false)
#2 C:\xampp\htdocs\codeIgniter\new-app\app\Filters\GuestFilter.php(17): redirect('user/')
#3 C:\xampp\htdocs\codeIgniter\new-app\system\Filters\Filters.php(173): App\Filters\GuestFilter->before(Object(CodeIgniter\HTTP\IncomingRequest), NULL)
#4 C:\xampp\htdocs\codeIgniter\new-app\system\CodeIgniter.php(384): CodeIgniter\Filters\Filters->run('login', 'before')
#5 C:\xampp\htdocs\codeIgniter\new-app\system\CodeIgniter.php(318): CodeIgniter\CodeIgniter->handleRequest(NULL, Object(Config\Cache), false)
#6 C:\xampp\htdocs\codeIgniter\new-app\index.php(37): CodeIgniter\CodeIgniter->run()
#7 {main}
