CRITICAL - 2021-12-25 00:59:26 --> array_key_exists(): Using array_key_exists() on objects is deprecated. Use isset() or property_exists() instead
#0 [internal function]: CodeIgniter\Debug\Exceptions->errorHandler(8192, 'array_key_exist...', 'C:\\xampp\\htdocs...', 120, Array)
#1 C:\xampp\htdocs\codeIgniter\new-app\system\HTTP\Files\FileCollection.php(120): array_key_exists('0', Object(CodeIgniter\HTTP\Files\UploadedFile))
#2 C:\xampp\htdocs\codeIgniter\new-app\system\HTTP\Files\FileCollection.php(84): CodeIgniter\HTTP\Files\FileCollection->hasFile('photo.0')
#3 C:\xampp\htdocs\codeIgniter\new-app\system\HTTP\IncomingRequest.php(729): CodeIgniter\HTTP\Files\FileCollection->getFileMultiple('photo.0')
#4 C:\xampp\htdocs\codeIgniter\new-app\system\Validation\FileRules.php(49): CodeIgniter\HTTP\IncomingRequest->getFileMultiple('photo.0')
#5 C:\xampp\htdocs\codeIgniter\new-app\system\Validation\Validation.php(277): CodeIgniter\Validation\FileRules->uploaded(NULL, 'photo.0', Array, NULL)
#6 C:\xampp\htdocs\codeIgniter\new-app\system\Validation\Validation.php(151): CodeIgniter\Validation\Validation->processRules('photo', 'photo', NULL, Array, Array)
#7 C:\xampp\htdocs\codeIgniter\new-app\system\Controller.php(160): CodeIgniter\Validation\Validation->run()
#8 C:\xampp\htdocs\codeIgniter\new-app\app\Controllers\AddPost.php(42): CodeIgniter\Controller->validate(Array)
#9 C:\xampp\htdocs\codeIgniter\new-app\system\CodeIgniter.php(824): App\Controllers\AddPost->createPost()
#10 C:\xampp\htdocs\codeIgniter\new-app\system\CodeIgniter.php(410): CodeIgniter\CodeIgniter->runController(Object(App\Controllers\AddPost))
#11 C:\xampp\htdocs\codeIgniter\new-app\system\CodeIgniter.php(318): CodeIgniter\CodeIgniter->handleRequest(NULL, Object(Config\Cache), false)
#12 C:\xampp\htdocs\codeIgniter\new-app\index.php(37): CodeIgniter\CodeIgniter->run()
#13 {main}
CRITICAL - 2021-12-25 01:01:00 --> array_key_exists(): Using array_key_exists() on objects is deprecated. Use isset() or property_exists() instead
#0 [internal function]: CodeIgniter\Debug\Exceptions->errorHandler(8192, 'array_key_exist...', 'C:\\xampp\\htdocs...', 120, Array)
#1 C:\xampp\htdocs\codeIgniter\new-app\system\HTTP\Files\FileCollection.php(120): array_key_exists('0', Object(CodeIgniter\HTTP\Files\UploadedFile))
#2 C:\xampp\htdocs\codeIgniter\new-app\system\HTTP\Files\FileCollection.php(84): CodeIgniter\HTTP\Files\FileCollection->hasFile('photo.0')
#3 C:\xampp\htdocs\codeIgniter\new-app\system\HTTP\IncomingRequest.php(729): CodeIgniter\HTTP\Files\FileCollection->getFileMultiple('photo.0')
#4 C:\xampp\htdocs\codeIgniter\new-app\system\Validation\FileRules.php(49): CodeIgniter\HTTP\IncomingRequest->getFileMultiple('photo.0')
#5 C:\xampp\htdocs\codeIgniter\new-app\system\Validation\Validation.php(277): CodeIgniter\Validation\FileRules->uploaded(NULL, 'photo.0', Array, NULL)
#6 C:\xampp\htdocs\codeIgniter\new-app\system\Validation\Validation.php(151): CodeIgniter\Validation\Validation->processRules('photo', 'photo', NULL, Array, Array)
#7 C:\xampp\htdocs\codeIgniter\new-app\system\Controller.php(160): CodeIgniter\Validation\Validation->run()
#8 C:\xampp\htdocs\codeIgniter\new-app\app\Controllers\AddPost.php(42): CodeIgniter\Controller->validate(Array)
#9 C:\xampp\htdocs\codeIgniter\new-app\system\CodeIgniter.php(824): App\Controllers\AddPost->createPost()
#10 C:\xampp\htdocs\codeIgniter\new-app\system\CodeIgniter.php(410): CodeIgniter\CodeIgniter->runController(Object(App\Controllers\AddPost))
#11 C:\xampp\htdocs\codeIgniter\new-app\system\CodeIgniter.php(318): CodeIgniter\CodeIgniter->handleRequest(NULL, Object(Config\Cache), false)
#12 C:\xampp\htdocs\codeIgniter\new-app\index.php(37): CodeIgniter\CodeIgniter->run()
#13 {main}
CRITICAL - 2021-12-25 01:02:35 --> array_key_exists(): Using array_key_exists() on objects is deprecated. Use isset() or property_exists() instead
#0 [internal function]: CodeIgniter\Debug\Exceptions->errorHandler(8192, 'array_key_exist...', 'C:\\xampp\\htdocs...', 120, Array)
#1 C:\xampp\htdocs\codeIgniter\new-app\system\HTTP\Files\FileCollection.php(120): array_key_exists('0', Object(CodeIgniter\HTTP\Files\UploadedFile))
#2 C:\xampp\htdocs\codeIgniter\new-app\system\HTTP\Files\FileCollection.php(84): CodeIgniter\HTTP\Files\FileCollection->hasFile('photo.0')
#3 C:\xampp\htdocs\codeIgniter\new-app\system\HTTP\IncomingRequest.php(729): CodeIgniter\HTTP\Files\FileCollection->getFileMultiple('photo.0')
#4 C:\xampp\htdocs\codeIgniter\new-app\system\Validation\FileRules.php(49): CodeIgniter\HTTP\IncomingRequest->getFileMultiple('photo.0')
#5 C:\xampp\htdocs\codeIgniter\new-app\system\Validation\Validation.php(277): CodeIgniter\Validation\FileRules->uploaded(NULL, 'photo.0', Array, NULL)
#6 C:\xampp\htdocs\codeIgniter\new-app\system\Validation\Validation.php(151): CodeIgniter\Validation\Validation->processRules('photo', 'photo', NULL, Array, Array)
#7 C:\xampp\htdocs\codeIgniter\new-app\system\Controller.php(160): CodeIgniter\Validation\Validation->run()
#8 C:\xampp\htdocs\codeIgniter\new-app\app\Controllers\AddPost.php(42): CodeIgniter\Controller->validate(Array)
#9 C:\xampp\htdocs\codeIgniter\new-app\system\CodeIgniter.php(824): App\Controllers\AddPost->createPost()
#10 C:\xampp\htdocs\codeIgniter\new-app\system\CodeIgniter.php(410): CodeIgniter\CodeIgniter->runController(Object(App\Controllers\AddPost))
#11 C:\xampp\htdocs\codeIgniter\new-app\system\CodeIgniter.php(318): CodeIgniter\CodeIgniter->handleRequest(NULL, Object(Config\Cache), false)
#12 C:\xampp\htdocs\codeIgniter\new-app\index.php(37): CodeIgniter\CodeIgniter->run()
#13 {main}
CRITICAL - 2021-12-25 01:03:53 --> array_key_exists(): Using array_key_exists() on objects is deprecated. Use isset() or property_exists() instead
#0 [internal function]: CodeIgniter\Debug\Exceptions->errorHandler(8192, 'array_key_exist...', 'C:\\xampp\\htdocs...', 120, Array)
#1 C:\xampp\htdocs\codeIgniter\new-app\system\HTTP\Files\FileCollection.php(120): array_key_exists('0', Object(CodeIgniter\HTTP\Files\UploadedFile))
#2 C:\xampp\htdocs\codeIgniter\new-app\system\HTTP\Files\FileCollection.php(84): CodeIgniter\HTTP\Files\FileCollection->hasFile('photo.0')
#3 C:\xampp\htdocs\codeIgniter\new-app\system\HTTP\IncomingRequest.php(729): CodeIgniter\HTTP\Files\FileCollection->getFileMultiple('photo.0')
#4 C:\xampp\htdocs\codeIgniter\new-app\system\Validation\FileRules.php(49): CodeIgniter\HTTP\IncomingRequest->getFileMultiple('photo.0')
#5 C:\xampp\htdocs\codeIgniter\new-app\system\Validation\Validation.php(277): CodeIgniter\Validation\FileRules->uploaded(NULL, 'photo.0', Array, NULL)
#6 C:\xampp\htdocs\codeIgniter\new-app\system\Validation\Validation.php(151): CodeIgniter\Validation\Validation->processRules('photo', 'photo', NULL, Array, Array)
#7 C:\xampp\htdocs\codeIgniter\new-app\system\Controller.php(160): CodeIgniter\Validation\Validation->run()
#8 C:\xampp\htdocs\codeIgniter\new-app\app\Controllers\AddPost.php(42): CodeIgniter\Controller->validate(Array)
#9 C:\xampp\htdocs\codeIgniter\new-app\system\CodeIgniter.php(824): App\Controllers\AddPost->createPost()
#10 C:\xampp\htdocs\codeIgniter\new-app\system\CodeIgniter.php(410): CodeIgniter\CodeIgniter->runController(Object(App\Controllers\AddPost))
#11 C:\xampp\htdocs\codeIgniter\new-app\system\CodeIgniter.php(318): CodeIgniter\CodeIgniter->handleRequest(NULL, Object(Config\Cache), false)
#12 C:\xampp\htdocs\codeIgniter\new-app\index.php(37): CodeIgniter\CodeIgniter->run()
#13 {main}
CRITICAL - 2021-12-25 01:07:06 --> Undefined variable: file
#0 C:\xampp\htdocs\codeIgniter\new-app\app\Controllers\AddPost.php(45): CodeIgniter\Debug\Exceptions->errorHandler(8, 'Undefined varia...', 'C:\\xampp\\htdocs...', 45, Array)
#1 C:\xampp\htdocs\codeIgniter\new-app\system\CodeIgniter.php(824): App\Controllers\AddPost->createPost()
#2 C:\xampp\htdocs\codeIgniter\new-app\system\CodeIgniter.php(410): CodeIgniter\CodeIgniter->runController(Object(App\Controllers\AddPost))
#3 C:\xampp\htdocs\codeIgniter\new-app\system\CodeIgniter.php(318): CodeIgniter\CodeIgniter->handleRequest(NULL, Object(Config\Cache), false)
#4 C:\xampp\htdocs\codeIgniter\new-app\index.php(37): CodeIgniter\CodeIgniter->run()
#5 {main}
CRITICAL - 2021-12-25 01:39:35 --> Cannot declare class App\Database\Migrations\Profiles, because the name is already in use
#0 [internal function]: CodeIgniter\Debug\Exceptions->shutdownHandler()
#1 {main}
CRITICAL - 2021-12-25 01:40:58 --> Cannot declare class App\Database\Migrations\Profiles, because the name is already in use
#0 [internal function]: CodeIgniter\Debug\Exceptions->shutdownHandler()
#1 {main}
CRITICAL - 2021-12-25 01:41:21 --> Cannot declare class App\Database\Migrations\Profiles, because the name is already in use
#0 [internal function]: CodeIgniter\Debug\Exceptions->shutdownHandler()
#1 {main}
CRITICAL - 2021-12-25 01:42:32 --> Cannot declare class App\Database\Migrations\Profiles, because the name is already in use
#0 [internal function]: CodeIgniter\Debug\Exceptions->shutdownHandler()
#1 {main}
CRITICAL - 2021-12-25 01:43:05 --> Cannot declare class App\Database\Migrations\Profiles, because the name is already in use
#0 [internal function]: CodeIgniter\Debug\Exceptions->shutdownHandler()
#1 {main}
CRITICAL - 2021-12-25 23:34:53 --> Array to string conversion
#0 C:\xampp\htdocs\codeIgniter\new-app\app\Views\user\addnew.php(58): CodeIgniter\Debug\Exceptions->errorHandler(8, 'Array to string...', 'C:\\xampp\\htdocs...', 58, Array)
#1 C:\xampp\htdocs\codeIgniter\new-app\system\View\View.php(214): include('C:\\xampp\\htdocs...')
#2 C:\xampp\htdocs\codeIgniter\new-app\system\View\View.php(217): CodeIgniter\View\View->CodeIgniter\View\{closure}()
#3 C:\xampp\htdocs\codeIgniter\new-app\system\Common.php(1097): CodeIgniter\View\View->render('user/addnew', Array, true)
#4 C:\xampp\htdocs\codeIgniter\new-app\app\Controllers\AddPost.php(29): view('user/addnew', Array)
#5 C:\xampp\htdocs\codeIgniter\new-app\system\CodeIgniter.php(824): App\Controllers\AddPost->index()
#6 C:\xampp\htdocs\codeIgniter\new-app\system\CodeIgniter.php(410): CodeIgniter\CodeIgniter->runController(Object(App\Controllers\AddPost))
#7 C:\xampp\htdocs\codeIgniter\new-app\system\CodeIgniter.php(318): CodeIgniter\CodeIgniter->handleRequest(NULL, Object(Config\Cache), false)
#8 C:\xampp\htdocs\codeIgniter\new-app\index.php(37): CodeIgniter\CodeIgniter->run()
#9 {main}
CRITICAL - 2021-12-25 23:36:45 --> Array to string conversion
#0 [internal function]: CodeIgniter\Debug\Exceptions->errorHandler(8, 'Array to string...', 'C:\\xampp\\htdocs...', 324, Array)
#1 C:\xampp\htdocs\codeIgniter\new-app\system\Database\Query.php(324): implode(',', Array)
#2 C:\xampp\htdocs\codeIgniter\new-app\system\Database\Query.php(304): CodeIgniter\Database\Query->matchNamedBinds('INSERT INTO `po...', Array)
#3 C:\xampp\htdocs\codeIgniter\new-app\system\Database\Query.php(150): CodeIgniter\Database\Query->compileBinds()
#4 C:\xampp\htdocs\codeIgniter\new-app\system\Database\BaseConnection.php(598): CodeIgniter\Database\Query->getQuery()
#5 C:\xampp\htdocs\codeIgniter\new-app\system\Database\BaseBuilder.php(1759): CodeIgniter\Database\BaseConnection->query('INSERT INTO `po...', Array, false)
#6 C:\xampp\htdocs\codeIgniter\new-app\system\Model.php(239): CodeIgniter\Database\BaseBuilder->insert()
#7 C:\xampp\htdocs\codeIgniter\new-app\system\BaseModel.php(738): CodeIgniter\Model->doInsert(Array)
#8 C:\xampp\htdocs\codeIgniter\new-app\system\Model.php(620): CodeIgniter\BaseModel->insert(Array, false)
#9 C:\xampp\htdocs\codeIgniter\new-app\system\BaseModel.php(658): CodeIgniter\Model->insert(Array, false)
#10 C:\xampp\htdocs\codeIgniter\new-app\app\Controllers\AddPost.php(57): CodeIgniter\BaseModel->save(Array)
#11 C:\xampp\htdocs\codeIgniter\new-app\system\CodeIgniter.php(824): App\Controllers\AddPost->createPost()
#12 C:\xampp\htdocs\codeIgniter\new-app\system\CodeIgniter.php(410): CodeIgniter\CodeIgniter->runController(Object(App\Controllers\AddPost))
#13 C:\xampp\htdocs\codeIgniter\new-app\system\CodeIgniter.php(318): CodeIgniter\CodeIgniter->handleRequest(NULL, Object(Config\Cache), false)
#14 C:\xampp\htdocs\codeIgniter\new-app\index.php(37): CodeIgniter\CodeIgniter->run()
#15 {main}
CRITICAL - 2021-12-25 23:37:57 --> Array to string conversion
#0 [internal function]: CodeIgniter\Debug\Exceptions->errorHandler(8, 'Array to string...', 'C:\\xampp\\htdocs...', 324, Array)
#1 C:\xampp\htdocs\codeIgniter\new-app\system\Database\Query.php(324): implode(',', Array)
#2 C:\xampp\htdocs\codeIgniter\new-app\system\Database\Query.php(304): CodeIgniter\Database\Query->matchNamedBinds('INSERT INTO `po...', Array)
#3 C:\xampp\htdocs\codeIgniter\new-app\system\Database\Query.php(150): CodeIgniter\Database\Query->compileBinds()
#4 C:\xampp\htdocs\codeIgniter\new-app\system\Database\BaseConnection.php(598): CodeIgniter\Database\Query->getQuery()
#5 C:\xampp\htdocs\codeIgniter\new-app\system\Database\BaseBuilder.php(1759): CodeIgniter\Database\BaseConnection->query('INSERT INTO `po...', Array, false)
#6 C:\xampp\htdocs\codeIgniter\new-app\system\Model.php(239): CodeIgniter\Database\BaseBuilder->insert()
#7 C:\xampp\htdocs\codeIgniter\new-app\system\BaseModel.php(738): CodeIgniter\Model->doInsert(Array)
#8 C:\xampp\htdocs\codeIgniter\new-app\system\Model.php(620): CodeIgniter\BaseModel->insert(Array, false)
#9 C:\xampp\htdocs\codeIgniter\new-app\system\BaseModel.php(658): CodeIgniter\Model->insert(Array, false)
#10 C:\xampp\htdocs\codeIgniter\new-app\app\Controllers\AddPost.php(57): CodeIgniter\BaseModel->save(Array)
#11 C:\xampp\htdocs\codeIgniter\new-app\system\CodeIgniter.php(824): App\Controllers\AddPost->createPost()
#12 C:\xampp\htdocs\codeIgniter\new-app\system\CodeIgniter.php(410): CodeIgniter\CodeIgniter->runController(Object(App\Controllers\AddPost))
#13 C:\xampp\htdocs\codeIgniter\new-app\system\CodeIgniter.php(318): CodeIgniter\CodeIgniter->handleRequest(NULL, Object(Config\Cache), false)
#14 C:\xampp\htdocs\codeIgniter\new-app\index.php(37): CodeIgniter\CodeIgniter->run()
#15 {main}
CRITICAL - 2021-12-25 23:38:33 --> Array to string conversion
#0 [internal function]: CodeIgniter\Debug\Exceptions->errorHandler(8, 'Array to string...', 'C:\\xampp\\htdocs...', 324, Array)
#1 C:\xampp\htdocs\codeIgniter\new-app\system\Database\Query.php(324): implode(',', Array)
#2 C:\xampp\htdocs\codeIgniter\new-app\system\Database\Query.php(304): CodeIgniter\Database\Query->matchNamedBinds('INSERT INTO `po...', Array)
#3 C:\xampp\htdocs\codeIgniter\new-app\system\Database\Query.php(150): CodeIgniter\Database\Query->compileBinds()
#4 C:\xampp\htdocs\codeIgniter\new-app\system\Database\BaseConnection.php(598): CodeIgniter\Database\Query->getQuery()
#5 C:\xampp\htdocs\codeIgniter\new-app\system\Database\BaseBuilder.php(1759): CodeIgniter\Database\BaseConnection->query('INSERT INTO `po...', Array, false)
#6 C:\xampp\htdocs\codeIgniter\new-app\system\Model.php(239): CodeIgniter\Database\BaseBuilder->insert()
#7 C:\xampp\htdocs\codeIgniter\new-app\system\BaseModel.php(738): CodeIgniter\Model->doInsert(Array)
#8 C:\xampp\htdocs\codeIgniter\new-app\system\Model.php(620): CodeIgniter\BaseModel->insert(Array, false)
#9 C:\xampp\htdocs\codeIgniter\new-app\system\BaseModel.php(658): CodeIgniter\Model->insert(Array, false)
#10 C:\xampp\htdocs\codeIgniter\new-app\app\Controllers\AddPost.php(57): CodeIgniter\BaseModel->save(Array)
#11 C:\xampp\htdocs\codeIgniter\new-app\system\CodeIgniter.php(824): App\Controllers\AddPost->createPost()
#12 C:\xampp\htdocs\codeIgniter\new-app\system\CodeIgniter.php(410): CodeIgniter\CodeIgniter->runController(Object(App\Controllers\AddPost))
#13 C:\xampp\htdocs\codeIgniter\new-app\system\CodeIgniter.php(318): CodeIgniter\CodeIgniter->handleRequest(NULL, Object(Config\Cache), false)
#14 C:\xampp\htdocs\codeIgniter\new-app\index.php(37): CodeIgniter\CodeIgniter->run()
#15 {main}
CRITICAL - 2021-12-25 23:38:54 --> Array to string conversion
#0 [internal function]: CodeIgniter\Debug\Exceptions->errorHandler(8, 'Array to string...', 'C:\\xampp\\htdocs...', 324, Array)
#1 C:\xampp\htdocs\codeIgniter\new-app\system\Database\Query.php(324): implode(',', Array)
#2 C:\xampp\htdocs\codeIgniter\new-app\system\Database\Query.php(304): CodeIgniter\Database\Query->matchNamedBinds('INSERT INTO `po...', Array)
#3 C:\xampp\htdocs\codeIgniter\new-app\system\Database\Query.php(150): CodeIgniter\Database\Query->compileBinds()
#4 C:\xampp\htdocs\codeIgniter\new-app\system\Database\BaseConnection.php(598): CodeIgniter\Database\Query->getQuery()
#5 C:\xampp\htdocs\codeIgniter\new-app\system\Database\BaseBuilder.php(1759): CodeIgniter\Database\BaseConnection->query('INSERT INTO `po...', Array, false)
#6 C:\xampp\htdocs\codeIgniter\new-app\system\Model.php(239): CodeIgniter\Database\BaseBuilder->insert()
#7 C:\xampp\htdocs\codeIgniter\new-app\system\BaseModel.php(738): CodeIgniter\Model->doInsert(Array)
#8 C:\xampp\htdocs\codeIgniter\new-app\system\Model.php(620): CodeIgniter\BaseModel->insert(Array, false)
#9 C:\xampp\htdocs\codeIgniter\new-app\system\BaseModel.php(658): CodeIgniter\Model->insert(Array, false)
#10 C:\xampp\htdocs\codeIgniter\new-app\app\Controllers\AddPost.php(57): CodeIgniter\BaseModel->save(Array)
#11 C:\xampp\htdocs\codeIgniter\new-app\system\CodeIgniter.php(824): App\Controllers\AddPost->createPost()
#12 C:\xampp\htdocs\codeIgniter\new-app\system\CodeIgniter.php(410): CodeIgniter\CodeIgniter->runController(Object(App\Controllers\AddPost))
#13 C:\xampp\htdocs\codeIgniter\new-app\system\CodeIgniter.php(318): CodeIgniter\CodeIgniter->handleRequest(NULL, Object(Config\Cache), false)
#14 C:\xampp\htdocs\codeIgniter\new-app\index.php(37): CodeIgniter\CodeIgniter->run()
#15 {main}
CRITICAL - 2021-12-25 23:41:16 --> Array to string conversion
#0 [internal function]: CodeIgniter\Debug\Exceptions->errorHandler(8, 'Array to string...', 'C:\\xampp\\htdocs...', 324, Array)
#1 C:\xampp\htdocs\codeIgniter\new-app\system\Database\Query.php(324): implode(',', Array)
#2 C:\xampp\htdocs\codeIgniter\new-app\system\Database\Query.php(304): CodeIgniter\Database\Query->matchNamedBinds('INSERT INTO `po...', Array)
#3 C:\xampp\htdocs\codeIgniter\new-app\system\Database\Query.php(150): CodeIgniter\Database\Query->compileBinds()
#4 C:\xampp\htdocs\codeIgniter\new-app\system\Database\BaseConnection.php(598): CodeIgniter\Database\Query->getQuery()
#5 C:\xampp\htdocs\codeIgniter\new-app\system\Database\BaseBuilder.php(1759): CodeIgniter\Database\BaseConnection->query('INSERT INTO `po...', Array, false)
#6 C:\xampp\htdocs\codeIgniter\new-app\system\Model.php(239): CodeIgniter\Database\BaseBuilder->insert()
#7 C:\xampp\htdocs\codeIgniter\new-app\system\BaseModel.php(738): CodeIgniter\Model->doInsert(Array)
#8 C:\xampp\htdocs\codeIgniter\new-app\system\Model.php(620): CodeIgniter\BaseModel->insert(Array, false)
#9 C:\xampp\htdocs\codeIgniter\new-app\system\BaseModel.php(658): CodeIgniter\Model->insert(Array, false)
#10 C:\xampp\htdocs\codeIgniter\new-app\app\Controllers\AddPost.php(58): CodeIgniter\BaseModel->save(Array)
#11 C:\xampp\htdocs\codeIgniter\new-app\system\CodeIgniter.php(824): App\Controllers\AddPost->createPost()
#12 C:\xampp\htdocs\codeIgniter\new-app\system\CodeIgniter.php(410): CodeIgniter\CodeIgniter->runController(Object(App\Controllers\AddPost))
#13 C:\xampp\htdocs\codeIgniter\new-app\system\CodeIgniter.php(318): CodeIgniter\CodeIgniter->handleRequest(NULL, Object(Config\Cache), false)
#14 C:\xampp\htdocs\codeIgniter\new-app\index.php(37): CodeIgniter\CodeIgniter->run()
#15 {main}
CRITICAL - 2021-12-25 23:46:30 --> Array to string conversion
#0 [internal function]: CodeIgniter\Debug\Exceptions->errorHandler(8, 'Array to string...', 'C:\\xampp\\htdocs...', 324, Array)
#1 C:\xampp\htdocs\codeIgniter\new-app\system\Database\Query.php(324): implode(',', Array)
#2 C:\xampp\htdocs\codeIgniter\new-app\system\Database\Query.php(304): CodeIgniter\Database\Query->matchNamedBinds('INSERT INTO `po...', Array)
#3 C:\xampp\htdocs\codeIgniter\new-app\system\Database\Query.php(150): CodeIgniter\Database\Query->compileBinds()
#4 C:\xampp\htdocs\codeIgniter\new-app\system\Database\BaseConnection.php(598): CodeIgniter\Database\Query->getQuery()
#5 C:\xampp\htdocs\codeIgniter\new-app\system\Database\BaseBuilder.php(1759): CodeIgniter\Database\BaseConnection->query('INSERT INTO `po...', Array, false)
#6 C:\xampp\htdocs\codeIgniter\new-app\system\Model.php(239): CodeIgniter\Database\BaseBuilder->insert()
#7 C:\xampp\htdocs\codeIgniter\new-app\system\BaseModel.php(738): CodeIgniter\Model->doInsert(Array)
#8 C:\xampp\htdocs\codeIgniter\new-app\system\Model.php(620): CodeIgniter\BaseModel->insert(Array, false)
#9 C:\xampp\htdocs\codeIgniter\new-app\system\BaseModel.php(658): CodeIgniter\Model->insert(Array, false)
#10 C:\xampp\htdocs\codeIgniter\new-app\app\Controllers\AddPost.php(61): CodeIgniter\BaseModel->save(Array)
#11 C:\xampp\htdocs\codeIgniter\new-app\system\CodeIgniter.php(824): App\Controllers\AddPost->createPost()
#12 C:\xampp\htdocs\codeIgniter\new-app\system\CodeIgniter.php(410): CodeIgniter\CodeIgniter->runController(Object(App\Controllers\AddPost))
#13 C:\xampp\htdocs\codeIgniter\new-app\system\CodeIgniter.php(318): CodeIgniter\CodeIgniter->handleRequest(NULL, Object(Config\Cache), false)
#14 C:\xampp\htdocs\codeIgniter\new-app\index.php(37): CodeIgniter\CodeIgniter->run()
#15 {main}
CRITICAL - 2021-12-25 23:46:53 --> Array to string conversion
#0 [internal function]: CodeIgniter\Debug\Exceptions->errorHandler(8, 'Array to string...', 'C:\\xampp\\htdocs...', 324, Array)
#1 C:\xampp\htdocs\codeIgniter\new-app\system\Database\Query.php(324): implode(',', Array)
#2 C:\xampp\htdocs\codeIgniter\new-app\system\Database\Query.php(304): CodeIgniter\Database\Query->matchNamedBinds('INSERT INTO `po...', Array)
#3 C:\xampp\htdocs\codeIgniter\new-app\system\Database\Query.php(150): CodeIgniter\Database\Query->compileBinds()
#4 C:\xampp\htdocs\codeIgniter\new-app\system\Database\BaseConnection.php(598): CodeIgniter\Database\Query->getQuery()
#5 C:\xampp\htdocs\codeIgniter\new-app\system\Database\BaseBuilder.php(1759): CodeIgniter\Database\BaseConnection->query('INSERT INTO `po...', Array, false)
#6 C:\xampp\htdocs\codeIgniter\new-app\system\Model.php(239): CodeIgniter\Database\BaseBuilder->insert()
#7 C:\xampp\htdocs\codeIgniter\new-app\system\BaseModel.php(738): CodeIgniter\Model->doInsert(Array)
#8 C:\xampp\htdocs\codeIgniter\new-app\system\Model.php(620): CodeIgniter\BaseModel->insert(Array, false)
#9 C:\xampp\htdocs\codeIgniter\new-app\system\BaseModel.php(658): CodeIgniter\Model->insert(Array, false)
#10 C:\xampp\htdocs\codeIgniter\new-app\app\Controllers\AddPost.php(61): CodeIgniter\BaseModel->save(Array)
#11 C:\xampp\htdocs\codeIgniter\new-app\system\CodeIgniter.php(824): App\Controllers\AddPost->createPost()
#12 C:\xampp\htdocs\codeIgniter\new-app\system\CodeIgniter.php(410): CodeIgniter\CodeIgniter->runController(Object(App\Controllers\AddPost))
#13 C:\xampp\htdocs\codeIgniter\new-app\system\CodeIgniter.php(318): CodeIgniter\CodeIgniter->handleRequest(NULL, Object(Config\Cache), false)
#14 C:\xampp\htdocs\codeIgniter\new-app\index.php(37): CodeIgniter\CodeIgniter->run()
#15 {main}
CRITICAL - 2021-12-25 23:47:06 --> Array to string conversion
#0 [internal function]: CodeIgniter\Debug\Exceptions->errorHandler(8, 'Array to string...', 'C:\\xampp\\htdocs...', 324, Array)
#1 C:\xampp\htdocs\codeIgniter\new-app\system\Database\Query.php(324): implode(',', Array)
#2 C:\xampp\htdocs\codeIgniter\new-app\system\Database\Query.php(304): CodeIgniter\Database\Query->matchNamedBinds('INSERT INTO `po...', Array)
#3 C:\xampp\htdocs\codeIgniter\new-app\system\Database\Query.php(150): CodeIgniter\Database\Query->compileBinds()
#4 C:\xampp\htdocs\codeIgniter\new-app\system\Database\BaseConnection.php(598): CodeIgniter\Database\Query->getQuery()
#5 C:\xampp\htdocs\codeIgniter\new-app\system\Database\BaseBuilder.php(1759): CodeIgniter\Database\BaseConnection->query('INSERT INTO `po...', Array, false)
#6 C:\xampp\htdocs\codeIgniter\new-app\system\Model.php(239): CodeIgniter\Database\BaseBuilder->insert()
#7 C:\xampp\htdocs\codeIgniter\new-app\system\BaseModel.php(738): CodeIgniter\Model->doInsert(Array)
#8 C:\xampp\htdocs\codeIgniter\new-app\system\Model.php(620): CodeIgniter\BaseModel->insert(Array, false)
#9 C:\xampp\htdocs\codeIgniter\new-app\system\BaseModel.php(658): CodeIgniter\Model->insert(Array, false)
#10 C:\xampp\htdocs\codeIgniter\new-app\app\Controllers\AddPost.php(61): CodeIgniter\BaseModel->save(Array)
#11 C:\xampp\htdocs\codeIgniter\new-app\system\CodeIgniter.php(824): App\Controllers\AddPost->createPost()
#12 C:\xampp\htdocs\codeIgniter\new-app\system\CodeIgniter.php(410): CodeIgniter\CodeIgniter->runController(Object(App\Controllers\AddPost))
#13 C:\xampp\htdocs\codeIgniter\new-app\system\CodeIgniter.php(318): CodeIgniter\CodeIgniter->handleRequest(NULL, Object(Config\Cache), false)
#14 C:\xampp\htdocs\codeIgniter\new-app\index.php(37): CodeIgniter\CodeIgniter->run()
#15 {main}
CRITICAL - 2021-12-25 23:47:55 --> Array to string conversion
#0 [internal function]: CodeIgniter\Debug\Exceptions->errorHandler(8, 'Array to string...', 'C:\\xampp\\htdocs...', 324, Array)
#1 C:\xampp\htdocs\codeIgniter\new-app\system\Database\Query.php(324): implode(',', Array)
#2 C:\xampp\htdocs\codeIgniter\new-app\system\Database\Query.php(304): CodeIgniter\Database\Query->matchNamedBinds('INSERT INTO `po...', Array)
#3 C:\xampp\htdocs\codeIgniter\new-app\system\Database\Query.php(150): CodeIgniter\Database\Query->compileBinds()
#4 C:\xampp\htdocs\codeIgniter\new-app\system\Database\BaseConnection.php(598): CodeIgniter\Database\Query->getQuery()
#5 C:\xampp\htdocs\codeIgniter\new-app\system\Database\BaseBuilder.php(1759): CodeIgniter\Database\BaseConnection->query('INSERT INTO `po...', Array, false)
#6 C:\xampp\htdocs\codeIgniter\new-app\system\Model.php(239): CodeIgniter\Database\BaseBuilder->insert()
#7 C:\xampp\htdocs\codeIgniter\new-app\system\BaseModel.php(738): CodeIgniter\Model->doInsert(Array)
#8 C:\xampp\htdocs\codeIgniter\new-app\system\Model.php(620): CodeIgniter\BaseModel->insert(Array, false)
#9 C:\xampp\htdocs\codeIgniter\new-app\system\BaseModel.php(658): CodeIgniter\Model->insert(Array, false)
#10 C:\xampp\htdocs\codeIgniter\new-app\app\Controllers\AddPost.php(61): CodeIgniter\BaseModel->save(Array)
#11 C:\xampp\htdocs\codeIgniter\new-app\system\CodeIgniter.php(824): App\Controllers\AddPost->createPost()
#12 C:\xampp\htdocs\codeIgniter\new-app\system\CodeIgniter.php(410): CodeIgniter\CodeIgniter->runController(Object(App\Controllers\AddPost))
#13 C:\xampp\htdocs\codeIgniter\new-app\system\CodeIgniter.php(318): CodeIgniter\CodeIgniter->handleRequest(NULL, Object(Config\Cache), false)
#14 C:\xampp\htdocs\codeIgniter\new-app\index.php(37): CodeIgniter\CodeIgniter->run()
#15 {main}
CRITICAL - 2021-12-25 23:50:12 --> Array to string conversion
#0 [internal function]: CodeIgniter\Debug\Exceptions->errorHandler(8, 'Array to string...', 'C:\\xampp\\htdocs...', 324, Array)
#1 C:\xampp\htdocs\codeIgniter\new-app\system\Database\Query.php(324): implode(',', Array)
#2 C:\xampp\htdocs\codeIgniter\new-app\system\Database\Query.php(304): CodeIgniter\Database\Query->matchNamedBinds('INSERT INTO `po...', Array)
#3 C:\xampp\htdocs\codeIgniter\new-app\system\Database\Query.php(150): CodeIgniter\Database\Query->compileBinds()
#4 C:\xampp\htdocs\codeIgniter\new-app\system\Database\BaseConnection.php(598): CodeIgniter\Database\Query->getQuery()
#5 C:\xampp\htdocs\codeIgniter\new-app\system\Database\BaseBuilder.php(1759): CodeIgniter\Database\BaseConnection->query('INSERT INTO `po...', Array, false)
#6 C:\xampp\htdocs\codeIgniter\new-app\system\Model.php(239): CodeIgniter\Database\BaseBuilder->insert()
#7 C:\xampp\htdocs\codeIgniter\new-app\system\BaseModel.php(738): CodeIgniter\Model->doInsert(Array)
#8 C:\xampp\htdocs\codeIgniter\new-app\system\Model.php(620): CodeIgniter\BaseModel->insert(Array, false)
#9 C:\xampp\htdocs\codeIgniter\new-app\system\BaseModel.php(658): CodeIgniter\Model->insert(Array, false)
#10 C:\xampp\htdocs\codeIgniter\new-app\app\Controllers\AddPost.php(61): CodeIgniter\BaseModel->save(Array)
#11 C:\xampp\htdocs\codeIgniter\new-app\system\CodeIgniter.php(824): App\Controllers\AddPost->createPost()
#12 C:\xampp\htdocs\codeIgniter\new-app\system\CodeIgniter.php(410): CodeIgniter\CodeIgniter->runController(Object(App\Controllers\AddPost))
#13 C:\xampp\htdocs\codeIgniter\new-app\system\CodeIgniter.php(318): CodeIgniter\CodeIgniter->handleRequest(NULL, Object(Config\Cache), false)
#14 C:\xampp\htdocs\codeIgniter\new-app\index.php(37): CodeIgniter\CodeIgniter->run()
#15 {main}
CRITICAL - 2021-12-25 23:51:13 --> Array to string conversion
#0 [internal function]: CodeIgniter\Debug\Exceptions->errorHandler(8, 'Array to string...', 'C:\\xampp\\htdocs...', 324, Array)
#1 C:\xampp\htdocs\codeIgniter\new-app\system\Database\Query.php(324): implode(',', Array)
#2 C:\xampp\htdocs\codeIgniter\new-app\system\Database\Query.php(304): CodeIgniter\Database\Query->matchNamedBinds('INSERT INTO `po...', Array)
#3 C:\xampp\htdocs\codeIgniter\new-app\system\Database\Query.php(150): CodeIgniter\Database\Query->compileBinds()
#4 C:\xampp\htdocs\codeIgniter\new-app\system\Database\BaseConnection.php(598): CodeIgniter\Database\Query->getQuery()
#5 C:\xampp\htdocs\codeIgniter\new-app\system\Database\BaseBuilder.php(1759): CodeIgniter\Database\BaseConnection->query('INSERT INTO `po...', Array, false)
#6 C:\xampp\htdocs\codeIgniter\new-app\system\Model.php(239): CodeIgniter\Database\BaseBuilder->insert()
#7 C:\xampp\htdocs\codeIgniter\new-app\system\BaseModel.php(738): CodeIgniter\Model->doInsert(Array)
#8 C:\xampp\htdocs\codeIgniter\new-app\system\Model.php(620): CodeIgniter\BaseModel->insert(Array, false)
#9 C:\xampp\htdocs\codeIgniter\new-app\system\BaseModel.php(658): CodeIgniter\Model->insert(Array, false)
#10 C:\xampp\htdocs\codeIgniter\new-app\app\Controllers\AddPost.php(61): CodeIgniter\BaseModel->save(Array)
#11 C:\xampp\htdocs\codeIgniter\new-app\system\CodeIgniter.php(824): App\Controllers\AddPost->createPost()
#12 C:\xampp\htdocs\codeIgniter\new-app\system\CodeIgniter.php(410): CodeIgniter\CodeIgniter->runController(Object(App\Controllers\AddPost))
#13 C:\xampp\htdocs\codeIgniter\new-app\system\CodeIgniter.php(318): CodeIgniter\CodeIgniter->handleRequest(NULL, Object(Config\Cache), false)
#14 C:\xampp\htdocs\codeIgniter\new-app\index.php(37): CodeIgniter\CodeIgniter->run()
#15 {main}
CRITICAL - 2021-12-25 23:52:38 --> Array to string conversion
#0 [internal function]: CodeIgniter\Debug\Exceptions->errorHandler(8, 'Array to string...', 'C:\\xampp\\htdocs...', 324, Array)
#1 C:\xampp\htdocs\codeIgniter\new-app\system\Database\Query.php(324): implode(',', Array)
#2 C:\xampp\htdocs\codeIgniter\new-app\system\Database\Query.php(304): CodeIgniter\Database\Query->matchNamedBinds('INSERT INTO `po...', Array)
#3 C:\xampp\htdocs\codeIgniter\new-app\system\Database\Query.php(150): CodeIgniter\Database\Query->compileBinds()
#4 C:\xampp\htdocs\codeIgniter\new-app\system\Database\BaseConnection.php(598): CodeIgniter\Database\Query->getQuery()
#5 C:\xampp\htdocs\codeIgniter\new-app\system\Database\BaseBuilder.php(1759): CodeIgniter\Database\BaseConnection->query('INSERT INTO `po...', Array, false)
#6 C:\xampp\htdocs\codeIgniter\new-app\system\Model.php(239): CodeIgniter\Database\BaseBuilder->insert()
#7 C:\xampp\htdocs\codeIgniter\new-app\system\BaseModel.php(738): CodeIgniter\Model->doInsert(Array)
#8 C:\xampp\htdocs\codeIgniter\new-app\system\Model.php(620): CodeIgniter\BaseModel->insert(Array, false)
#9 C:\xampp\htdocs\codeIgniter\new-app\system\BaseModel.php(658): CodeIgniter\Model->insert(Array, false)
#10 C:\xampp\htdocs\codeIgniter\new-app\app\Controllers\AddPost.php(54): CodeIgniter\BaseModel->save(Array)
#11 C:\xampp\htdocs\codeIgniter\new-app\system\CodeIgniter.php(824): App\Controllers\AddPost->createPost()
#12 C:\xampp\htdocs\codeIgniter\new-app\system\CodeIgniter.php(410): CodeIgniter\CodeIgniter->runController(Object(App\Controllers\AddPost))
#13 C:\xampp\htdocs\codeIgniter\new-app\system\CodeIgniter.php(318): CodeIgniter\CodeIgniter->handleRequest(NULL, Object(Config\Cache), false)
#14 C:\xampp\htdocs\codeIgniter\new-app\index.php(37): CodeIgniter\CodeIgniter->run()
#15 {main}
CRITICAL - 2021-12-25 23:53:09 --> Array to string conversion
#0 [internal function]: CodeIgniter\Debug\Exceptions->errorHandler(8, 'Array to string...', 'C:\\xampp\\htdocs...', 324, Array)
#1 C:\xampp\htdocs\codeIgniter\new-app\system\Database\Query.php(324): implode(',', Array)
#2 C:\xampp\htdocs\codeIgniter\new-app\system\Database\Query.php(304): CodeIgniter\Database\Query->matchNamedBinds('INSERT INTO `po...', Array)
#3 C:\xampp\htdocs\codeIgniter\new-app\system\Database\Query.php(150): CodeIgniter\Database\Query->compileBinds()
#4 C:\xampp\htdocs\codeIgniter\new-app\system\Database\BaseConnection.php(598): CodeIgniter\Database\Query->getQuery()
#5 C:\xampp\htdocs\codeIgniter\new-app\system\Database\BaseBuilder.php(1759): CodeIgniter\Database\BaseConnection->query('INSERT INTO `po...', Array, false)
#6 C:\xampp\htdocs\codeIgniter\new-app\system\Model.php(239): CodeIgniter\Database\BaseBuilder->insert()
#7 C:\xampp\htdocs\codeIgniter\new-app\system\BaseModel.php(738): CodeIgniter\Model->doInsert(Array)
#8 C:\xampp\htdocs\codeIgniter\new-app\system\Model.php(620): CodeIgniter\BaseModel->insert(Array, false)
#9 C:\xampp\htdocs\codeIgniter\new-app\system\BaseModel.php(658): CodeIgniter\Model->insert(Array, false)
#10 C:\xampp\htdocs\codeIgniter\new-app\app\Controllers\AddPost.php(61): CodeIgniter\BaseModel->save(Array)
#11 C:\xampp\htdocs\codeIgniter\new-app\system\CodeIgniter.php(824): App\Controllers\AddPost->createPost()
#12 C:\xampp\htdocs\codeIgniter\new-app\system\CodeIgniter.php(410): CodeIgniter\CodeIgniter->runController(Object(App\Controllers\AddPost))
#13 C:\xampp\htdocs\codeIgniter\new-app\system\CodeIgniter.php(318): CodeIgniter\CodeIgniter->handleRequest(NULL, Object(Config\Cache), false)
#14 C:\xampp\htdocs\codeIgniter\new-app\index.php(37): CodeIgniter\CodeIgniter->run()
#15 {main}
CRITICAL - 2021-12-25 23:53:18 --> Array to string conversion
#0 [internal function]: CodeIgniter\Debug\Exceptions->errorHandler(8, 'Array to string...', 'C:\\xampp\\htdocs...', 324, Array)
#1 C:\xampp\htdocs\codeIgniter\new-app\system\Database\Query.php(324): implode(',', Array)
#2 C:\xampp\htdocs\codeIgniter\new-app\system\Database\Query.php(304): CodeIgniter\Database\Query->matchNamedBinds('INSERT INTO `po...', Array)
#3 C:\xampp\htdocs\codeIgniter\new-app\system\Database\Query.php(150): CodeIgniter\Database\Query->compileBinds()
#4 C:\xampp\htdocs\codeIgniter\new-app\system\Database\BaseConnection.php(598): CodeIgniter\Database\Query->getQuery()
#5 C:\xampp\htdocs\codeIgniter\new-app\system\Database\BaseBuilder.php(1759): CodeIgniter\Database\BaseConnection->query('INSERT INTO `po...', Array, false)
#6 C:\xampp\htdocs\codeIgniter\new-app\system\Model.php(239): CodeIgniter\Database\BaseBuilder->insert()
#7 C:\xampp\htdocs\codeIgniter\new-app\system\BaseModel.php(738): CodeIgniter\Model->doInsert(Array)
#8 C:\xampp\htdocs\codeIgniter\new-app\system\Model.php(620): CodeIgniter\BaseModel->insert(Array, false)
#9 C:\xampp\htdocs\codeIgniter\new-app\system\BaseModel.php(658): CodeIgniter\Model->insert(Array, false)
#10 C:\xampp\htdocs\codeIgniter\new-app\app\Controllers\AddPost.php(61): CodeIgniter\BaseModel->save(Array)
#11 C:\xampp\htdocs\codeIgniter\new-app\system\CodeIgniter.php(824): App\Controllers\AddPost->createPost()
#12 C:\xampp\htdocs\codeIgniter\new-app\system\CodeIgniter.php(410): CodeIgniter\CodeIgniter->runController(Object(App\Controllers\AddPost))
#13 C:\xampp\htdocs\codeIgniter\new-app\system\CodeIgniter.php(318): CodeIgniter\CodeIgniter->handleRequest(NULL, Object(Config\Cache), false)
#14 C:\xampp\htdocs\codeIgniter\new-app\index.php(37): CodeIgniter\CodeIgniter->run()
#15 {main}
CRITICAL - 2021-12-25 23:53:26 --> Array to string conversion
#0 [internal function]: CodeIgniter\Debug\Exceptions->errorHandler(8, 'Array to string...', 'C:\\xampp\\htdocs...', 324, Array)
#1 C:\xampp\htdocs\codeIgniter\new-app\system\Database\Query.php(324): implode(',', Array)
#2 C:\xampp\htdocs\codeIgniter\new-app\system\Database\Query.php(304): CodeIgniter\Database\Query->matchNamedBinds('INSERT INTO `po...', Array)
#3 C:\xampp\htdocs\codeIgniter\new-app\system\Database\Query.php(150): CodeIgniter\Database\Query->compileBinds()
#4 C:\xampp\htdocs\codeIgniter\new-app\system\Database\BaseConnection.php(598): CodeIgniter\Database\Query->getQuery()
#5 C:\xampp\htdocs\codeIgniter\new-app\system\Database\BaseBuilder.php(1759): CodeIgniter\Database\BaseConnection->query('INSERT INTO `po...', Array, false)
#6 C:\xampp\htdocs\codeIgniter\new-app\system\Model.php(239): CodeIgniter\Database\BaseBuilder->insert()
#7 C:\xampp\htdocs\codeIgniter\new-app\system\BaseModel.php(738): CodeIgniter\Model->doInsert(Array)
#8 C:\xampp\htdocs\codeIgniter\new-app\system\Model.php(620): CodeIgniter\BaseModel->insert(Array, false)
#9 C:\xampp\htdocs\codeIgniter\new-app\system\BaseModel.php(658): CodeIgniter\Model->insert(Array, false)
#10 C:\xampp\htdocs\codeIgniter\new-app\app\Controllers\AddPost.php(61): CodeIgniter\BaseModel->save(Array)
#11 C:\xampp\htdocs\codeIgniter\new-app\system\CodeIgniter.php(824): App\Controllers\AddPost->createPost()
#12 C:\xampp\htdocs\codeIgniter\new-app\system\CodeIgniter.php(410): CodeIgniter\CodeIgniter->runController(Object(App\Controllers\AddPost))
#13 C:\xampp\htdocs\codeIgniter\new-app\system\CodeIgniter.php(318): CodeIgniter\CodeIgniter->handleRequest(NULL, Object(Config\Cache), false)
#14 C:\xampp\htdocs\codeIgniter\new-app\index.php(37): CodeIgniter\CodeIgniter->run()
#15 {main}
CRITICAL - 2021-12-25 23:53:53 --> Array to string conversion
#0 [internal function]: CodeIgniter\Debug\Exceptions->errorHandler(8, 'Array to string...', 'C:\\xampp\\htdocs...', 324, Array)
#1 C:\xampp\htdocs\codeIgniter\new-app\system\Database\Query.php(324): implode(',', Array)
#2 C:\xampp\htdocs\codeIgniter\new-app\system\Database\Query.php(304): CodeIgniter\Database\Query->matchNamedBinds('INSERT INTO `po...', Array)
#3 C:\xampp\htdocs\codeIgniter\new-app\system\Database\Query.php(150): CodeIgniter\Database\Query->compileBinds()
#4 C:\xampp\htdocs\codeIgniter\new-app\system\Database\BaseConnection.php(598): CodeIgniter\Database\Query->getQuery()
#5 C:\xampp\htdocs\codeIgniter\new-app\system\Database\BaseBuilder.php(1759): CodeIgniter\Database\BaseConnection->query('INSERT INTO `po...', Array, false)
#6 C:\xampp\htdocs\codeIgniter\new-app\system\Model.php(239): CodeIgniter\Database\BaseBuilder->insert()
#7 C:\xampp\htdocs\codeIgniter\new-app\system\BaseModel.php(738): CodeIgniter\Model->doInsert(Array)
#8 C:\xampp\htdocs\codeIgniter\new-app\system\Model.php(620): CodeIgniter\BaseModel->insert(Array, false)
#9 C:\xampp\htdocs\codeIgniter\new-app\system\BaseModel.php(658): CodeIgniter\Model->insert(Array, false)
#10 C:\xampp\htdocs\codeIgniter\new-app\app\Controllers\AddPost.php(61): CodeIgniter\BaseModel->save(Array)
#11 C:\xampp\htdocs\codeIgniter\new-app\system\CodeIgniter.php(824): App\Controllers\AddPost->createPost()
#12 C:\xampp\htdocs\codeIgniter\new-app\system\CodeIgniter.php(410): CodeIgniter\CodeIgniter->runController(Object(App\Controllers\AddPost))
#13 C:\xampp\htdocs\codeIgniter\new-app\system\CodeIgniter.php(318): CodeIgniter\CodeIgniter->handleRequest(NULL, Object(Config\Cache), false)
#14 C:\xampp\htdocs\codeIgniter\new-app\index.php(37): CodeIgniter\CodeIgniter->run()
#15 {main}
CRITICAL - 2021-12-25 23:54:05 --> Array to string conversion
#0 [internal function]: CodeIgniter\Debug\Exceptions->errorHandler(8, 'Array to string...', 'C:\\xampp\\htdocs...', 324, Array)
#1 C:\xampp\htdocs\codeIgniter\new-app\system\Database\Query.php(324): implode(',', Array)
#2 C:\xampp\htdocs\codeIgniter\new-app\system\Database\Query.php(304): CodeIgniter\Database\Query->matchNamedBinds('INSERT INTO `po...', Array)
#3 C:\xampp\htdocs\codeIgniter\new-app\system\Database\Query.php(150): CodeIgniter\Database\Query->compileBinds()
#4 C:\xampp\htdocs\codeIgniter\new-app\system\Database\BaseConnection.php(598): CodeIgniter\Database\Query->getQuery()
#5 C:\xampp\htdocs\codeIgniter\new-app\system\Database\BaseBuilder.php(1759): CodeIgniter\Database\BaseConnection->query('INSERT INTO `po...', Array, false)
#6 C:\xampp\htdocs\codeIgniter\new-app\system\Model.php(239): CodeIgniter\Database\BaseBuilder->insert()
#7 C:\xampp\htdocs\codeIgniter\new-app\system\BaseModel.php(738): CodeIgniter\Model->doInsert(Array)
#8 C:\xampp\htdocs\codeIgniter\new-app\system\Model.php(620): CodeIgniter\BaseModel->insert(Array, false)
#9 C:\xampp\htdocs\codeIgniter\new-app\system\BaseModel.php(658): CodeIgniter\Model->insert(Array, false)
#10 C:\xampp\htdocs\codeIgniter\new-app\app\Controllers\AddPost.php(61): CodeIgniter\BaseModel->save(Array)
#11 C:\xampp\htdocs\codeIgniter\new-app\system\CodeIgniter.php(824): App\Controllers\AddPost->createPost()
#12 C:\xampp\htdocs\codeIgniter\new-app\system\CodeIgniter.php(410): CodeIgniter\CodeIgniter->runController(Object(App\Controllers\AddPost))
#13 C:\xampp\htdocs\codeIgniter\new-app\system\CodeIgniter.php(318): CodeIgniter\CodeIgniter->handleRequest(NULL, Object(Config\Cache), false)
#14 C:\xampp\htdocs\codeIgniter\new-app\index.php(37): CodeIgniter\CodeIgniter->run()
#15 {main}
CRITICAL - 2021-12-25 23:55:47 --> Array to string conversion
#0 [internal function]: CodeIgniter\Debug\Exceptions->errorHandler(8, 'Array to string...', 'C:\\xampp\\htdocs...', 324, Array)
#1 C:\xampp\htdocs\codeIgniter\new-app\system\Database\Query.php(324): implode(',', Array)
#2 C:\xampp\htdocs\codeIgniter\new-app\system\Database\Query.php(304): CodeIgniter\Database\Query->matchNamedBinds('INSERT INTO `po...', Array)
#3 C:\xampp\htdocs\codeIgniter\new-app\system\Database\Query.php(150): CodeIgniter\Database\Query->compileBinds()
#4 C:\xampp\htdocs\codeIgniter\new-app\system\Database\BaseConnection.php(598): CodeIgniter\Database\Query->getQuery()
#5 C:\xampp\htdocs\codeIgniter\new-app\system\Database\BaseBuilder.php(1759): CodeIgniter\Database\BaseConnection->query('INSERT INTO `po...', Array, false)
#6 C:\xampp\htdocs\codeIgniter\new-app\system\Model.php(239): CodeIgniter\Database\BaseBuilder->insert()
#7 C:\xampp\htdocs\codeIgniter\new-app\system\BaseModel.php(738): CodeIgniter\Model->doInsert(Array)
#8 C:\xampp\htdocs\codeIgniter\new-app\system\Model.php(620): CodeIgniter\BaseModel->insert(Array, false)
#9 C:\xampp\htdocs\codeIgniter\new-app\system\BaseModel.php(658): CodeIgniter\Model->insert(Array, false)
#10 C:\xampp\htdocs\codeIgniter\new-app\app\Controllers\AddPost.php(61): CodeIgniter\BaseModel->save(Array)
#11 C:\xampp\htdocs\codeIgniter\new-app\system\CodeIgniter.php(824): App\Controllers\AddPost->createPost()
#12 C:\xampp\htdocs\codeIgniter\new-app\system\CodeIgniter.php(410): CodeIgniter\CodeIgniter->runController(Object(App\Controllers\AddPost))
#13 C:\xampp\htdocs\codeIgniter\new-app\system\CodeIgniter.php(318): CodeIgniter\CodeIgniter->handleRequest(NULL, Object(Config\Cache), false)
#14 C:\xampp\htdocs\codeIgniter\new-app\index.php(37): CodeIgniter\CodeIgniter->run()
#15 {main}
ERROR - 2021-12-25 23:57:10 --> Column 'userId' cannot be null
CRITICAL - 2021-12-25 23:57:10 --> Column 'userId' cannot be null
#0 C:\xampp\htdocs\codeIgniter\new-app\system\Database\MySQLi\Connection.php(292): mysqli->query('INSERT INTO `po...', 0)
#1 C:\xampp\htdocs\codeIgniter\new-app\system\Database\BaseConnection.php(670): CodeIgniter\Database\MySQLi\Connection->execute('INSERT INTO `po...')
#2 C:\xampp\htdocs\codeIgniter\new-app\system\Database\BaseConnection.php(598): CodeIgniter\Database\BaseConnection->simpleQuery('INSERT INTO `po...')
#3 C:\xampp\htdocs\codeIgniter\new-app\system\Database\BaseBuilder.php(1759): CodeIgniter\Database\BaseConnection->query('INSERT INTO `po...', Array, false)
#4 C:\xampp\htdocs\codeIgniter\new-app\system\Model.php(239): CodeIgniter\Database\BaseBuilder->insert()
#5 C:\xampp\htdocs\codeIgniter\new-app\system\BaseModel.php(738): CodeIgniter\Model->doInsert(Array)
#6 C:\xampp\htdocs\codeIgniter\new-app\system\Model.php(620): CodeIgniter\BaseModel->insert(Array, false)
#7 C:\xampp\htdocs\codeIgniter\new-app\system\BaseModel.php(658): CodeIgniter\Model->insert(Array, false)
#8 C:\xampp\htdocs\codeIgniter\new-app\app\Controllers\AddPost.php(61): CodeIgniter\BaseModel->save(Array)
#9 C:\xampp\htdocs\codeIgniter\new-app\system\CodeIgniter.php(824): App\Controllers\AddPost->createPost()
#10 C:\xampp\htdocs\codeIgniter\new-app\system\CodeIgniter.php(410): CodeIgniter\CodeIgniter->runController(Object(App\Controllers\AddPost))
#11 C:\xampp\htdocs\codeIgniter\new-app\system\CodeIgniter.php(318): CodeIgniter\CodeIgniter->handleRequest(NULL, Object(Config\Cache), false)
#12 C:\xampp\htdocs\codeIgniter\new-app\index.php(37): CodeIgniter\CodeIgniter->run()
#13 {main}
CRITICAL - 2021-12-25 23:57:49 --> Array to string conversion
#0 [internal function]: CodeIgniter\Debug\Exceptions->errorHandler(8, 'Array to string...', 'C:\\xampp\\htdocs...', 324, Array)
#1 C:\xampp\htdocs\codeIgniter\new-app\system\Database\Query.php(324): implode(',', Array)
#2 C:\xampp\htdocs\codeIgniter\new-app\system\Database\Query.php(304): CodeIgniter\Database\Query->matchNamedBinds('INSERT INTO `po...', Array)
#3 C:\xampp\htdocs\codeIgniter\new-app\system\Database\Query.php(150): CodeIgniter\Database\Query->compileBinds()
#4 C:\xampp\htdocs\codeIgniter\new-app\system\Database\BaseConnection.php(598): CodeIgniter\Database\Query->getQuery()
#5 C:\xampp\htdocs\codeIgniter\new-app\system\Database\BaseBuilder.php(1759): CodeIgniter\Database\BaseConnection->query('INSERT INTO `po...', Array, false)
#6 C:\xampp\htdocs\codeIgniter\new-app\system\Model.php(239): CodeIgniter\Database\BaseBuilder->insert()
#7 C:\xampp\htdocs\codeIgniter\new-app\system\BaseModel.php(738): CodeIgniter\Model->doInsert(Array)
#8 C:\xampp\htdocs\codeIgniter\new-app\system\Model.php(620): CodeIgniter\BaseModel->insert(Array, false)
#9 C:\xampp\htdocs\codeIgniter\new-app\system\BaseModel.php(658): CodeIgniter\Model->insert(Array, false)
#10 C:\xampp\htdocs\codeIgniter\new-app\app\Controllers\AddPost.php(61): CodeIgniter\BaseModel->save(Array)
#11 C:\xampp\htdocs\codeIgniter\new-app\system\CodeIgniter.php(824): App\Controllers\AddPost->createPost()
#12 C:\xampp\htdocs\codeIgniter\new-app\system\CodeIgniter.php(410): CodeIgniter\CodeIgniter->runController(Object(App\Controllers\AddPost))
#13 C:\xampp\htdocs\codeIgniter\new-app\system\CodeIgniter.php(318): CodeIgniter\CodeIgniter->handleRequest(NULL, Object(Config\Cache), false)
#14 C:\xampp\htdocs\codeIgniter\new-app\index.php(37): CodeIgniter\CodeIgniter->run()
#15 {main}
CRITICAL - 2021-12-25 23:57:56 --> Array to string conversion
#0 [internal function]: CodeIgniter\Debug\Exceptions->errorHandler(8, 'Array to string...', 'C:\\xampp\\htdocs...', 324, Array)
#1 C:\xampp\htdocs\codeIgniter\new-app\system\Database\Query.php(324): implode(',', Array)
#2 C:\xampp\htdocs\codeIgniter\new-app\system\Database\Query.php(304): CodeIgniter\Database\Query->matchNamedBinds('INSERT INTO `po...', Array)
#3 C:\xampp\htdocs\codeIgniter\new-app\system\Database\Query.php(150): CodeIgniter\Database\Query->compileBinds()
#4 C:\xampp\htdocs\codeIgniter\new-app\system\Database\BaseConnection.php(598): CodeIgniter\Database\Query->getQuery()
#5 C:\xampp\htdocs\codeIgniter\new-app\system\Database\BaseBuilder.php(1759): CodeIgniter\Database\BaseConnection->query('INSERT INTO `po...', Array, false)
#6 C:\xampp\htdocs\codeIgniter\new-app\system\Model.php(239): CodeIgniter\Database\BaseBuilder->insert()
#7 C:\xampp\htdocs\codeIgniter\new-app\system\BaseModel.php(738): CodeIgniter\Model->doInsert(Array)
#8 C:\xampp\htdocs\codeIgniter\new-app\system\Model.php(620): CodeIgniter\BaseModel->insert(Array, false)
#9 C:\xampp\htdocs\codeIgniter\new-app\system\BaseModel.php(658): CodeIgniter\Model->insert(Array, false)
#10 C:\xampp\htdocs\codeIgniter\new-app\app\Controllers\AddPost.php(61): CodeIgniter\BaseModel->save(Array)
#11 C:\xampp\htdocs\codeIgniter\new-app\system\CodeIgniter.php(824): App\Controllers\AddPost->createPost()
#12 C:\xampp\htdocs\codeIgniter\new-app\system\CodeIgniter.php(410): CodeIgniter\CodeIgniter->runController(Object(App\Controllers\AddPost))
#13 C:\xampp\htdocs\codeIgniter\new-app\system\CodeIgniter.php(318): CodeIgniter\CodeIgniter->handleRequest(NULL, Object(Config\Cache), false)
#14 C:\xampp\htdocs\codeIgniter\new-app\index.php(37): CodeIgniter\CodeIgniter->run()
#15 {main}
