CRITICAL - 2021-12-22 00:13:37 --> Invalid file: components.header
#0 C:\xampp\htdocs\codeIgniter\new-app\system\View\View.php(198): CodeIgniter\Exceptions\FrameworkException::forInvalidFile('components.head...')
#1 C:\xampp\htdocs\codeIgniter\new-app\system\Common.php(1097): CodeIgniter\View\View->render('components.head...', Array, true)
#2 C:\xampp\htdocs\codeIgniter\new-app\app\Controllers\Home.php(9): view('components.head...')
#3 C:\xampp\htdocs\codeIgniter\new-app\system\CodeIgniter.php(824): App\Controllers\Home->index()
#4 C:\xampp\htdocs\codeIgniter\new-app\system\CodeIgniter.php(410): CodeIgniter\CodeIgniter->runController(Object(App\Controllers\Home))
#5 C:\xampp\htdocs\codeIgniter\new-app\system\CodeIgniter.php(318): CodeIgniter\CodeIgniter->handleRequest(NULL, Object(Config\Cache), false)
#6 C:\xampp\htdocs\codeIgniter\new-app\index.php(37): CodeIgniter\CodeIgniter->run()
#7 {main}
CRITICAL - 2021-12-22 00:25:51 --> syntax error, unexpected '}', expecting elseif (T_ELSEIF) or else (T_ELSE) or endif (T_ENDIF)
#0 C:\xampp\htdocs\codeIgniter\new-app\system\View\View.php(217): CodeIgniter\View\View->CodeIgniter\View\{closure}()
#1 C:\xampp\htdocs\codeIgniter\new-app\system\Common.php(1097): CodeIgniter\View\View->render('components/head...', Array, true)
#2 C:\xampp\htdocs\codeIgniter\new-app\app\Controllers\Home.php(9): view('components/head...')
#3 C:\xampp\htdocs\codeIgniter\new-app\system\CodeIgniter.php(824): App\Controllers\Home->index()
#4 C:\xampp\htdocs\codeIgniter\new-app\system\CodeIgniter.php(410): CodeIgniter\CodeIgniter->runController(Object(App\Controllers\Home))
#5 C:\xampp\htdocs\codeIgniter\new-app\system\CodeIgniter.php(318): CodeIgniter\CodeIgniter->handleRequest(NULL, Object(Config\Cache), false)
#6 C:\xampp\htdocs\codeIgniter\new-app\index.php(37): CodeIgniter\CodeIgniter->run()
#7 {main}
CRITICAL - 2021-12-22 00:26:29 --> Call to undefined function IsloggedIn()
#0 C:\xampp\htdocs\codeIgniter\new-app\system\View\View.php(214): include()
#1 C:\xampp\htdocs\codeIgniter\new-app\system\View\View.php(217): CodeIgniter\View\View->CodeIgniter\View\{closure}()
#2 C:\xampp\htdocs\codeIgniter\new-app\system\Common.php(1097): CodeIgniter\View\View->render('components/head...', Array, true)
#3 C:\xampp\htdocs\codeIgniter\new-app\app\Controllers\Home.php(9): view('components/head...')
#4 C:\xampp\htdocs\codeIgniter\new-app\system\CodeIgniter.php(824): App\Controllers\Home->index()
#5 C:\xampp\htdocs\codeIgniter\new-app\system\CodeIgniter.php(410): CodeIgniter\CodeIgniter->runController(Object(App\Controllers\Home))
#6 C:\xampp\htdocs\codeIgniter\new-app\system\CodeIgniter.php(318): CodeIgniter\CodeIgniter->handleRequest(NULL, Object(Config\Cache), false)
#7 C:\xampp\htdocs\codeIgniter\new-app\index.php(37): CodeIgniter\CodeIgniter->run()
#8 {main}
CRITICAL - 2021-12-22 00:28:00 --> Call to undefined function IsloggedIn()
#0 C:\xampp\htdocs\codeIgniter\new-app\system\View\View.php(214): include()
#1 C:\xampp\htdocs\codeIgniter\new-app\system\View\View.php(217): CodeIgniter\View\View->CodeIgniter\View\{closure}()
#2 C:\xampp\htdocs\codeIgniter\new-app\system\Common.php(1097): CodeIgniter\View\View->render('components/head...', Array, true)
#3 C:\xampp\htdocs\codeIgniter\new-app\app\Controllers\Home.php(9): view('components/head...')
#4 C:\xampp\htdocs\codeIgniter\new-app\system\CodeIgniter.php(824): App\Controllers\Home->index()
#5 C:\xampp\htdocs\codeIgniter\new-app\system\CodeIgniter.php(410): CodeIgniter\CodeIgniter->runController(Object(App\Controllers\Home))
#6 C:\xampp\htdocs\codeIgniter\new-app\system\CodeIgniter.php(318): CodeIgniter\CodeIgniter->handleRequest(NULL, Object(Config\Cache), false)
#7 C:\xampp\htdocs\codeIgniter\new-app\index.php(37): CodeIgniter\CodeIgniter->run()
#8 {main}
CRITICAL - 2021-12-22 00:54:55 --> Cannot declare class App\Database\Migrations\Profiles, because the name is already in use
#0 [internal function]: CodeIgniter\Debug\Exceptions->shutdownHandler()
#1 {main}
CRITICAL - 2021-12-22 00:55:15 --> Cannot declare class App\Database\Migrations\Profiles, because the name is already in use
#0 [internal function]: CodeIgniter\Debug\Exceptions->shutdownHandler()
#1 {main}
CRITICAL - 2021-12-22 01:05:38 --> Cannot declare class App\Database\Migrations\Profiles, because the name is already in use
#0 [internal function]: CodeIgniter\Debug\Exceptions->shutdownHandler()
#1 {main}
CRITICAL - 2021-12-22 01:16:12 --> Array to string conversion
#0 C:\xampp\htdocs\codeIgniter\new-app\app\Controllers\User.php(21): CodeIgniter\Debug\Exceptions->errorHandler(8, 'Array to string...', 'C:\\xampp\\htdocs...', 21, Array)
#1 C:\xampp\htdocs\codeIgniter\new-app\system\CodeIgniter.php(824): App\Controllers\User->index()
#2 C:\xampp\htdocs\codeIgniter\new-app\system\CodeIgniter.php(410): CodeIgniter\CodeIgniter->runController(Object(App\Controllers\User))
#3 C:\xampp\htdocs\codeIgniter\new-app\system\CodeIgniter.php(318): CodeIgniter\CodeIgniter->handleRequest(NULL, Object(Config\Cache), false)
#4 C:\xampp\htdocs\codeIgniter\new-app\index.php(37): CodeIgniter\CodeIgniter->run()
#5 {main}
CRITICAL - 2021-12-22 01:17:07 --> Call to a member function getResultArray() on array
#0 C:\xampp\htdocs\codeIgniter\new-app\system\CodeIgniter.php(824): App\Controllers\User->index()
#1 C:\xampp\htdocs\codeIgniter\new-app\system\CodeIgniter.php(410): CodeIgniter\CodeIgniter->runController(Object(App\Controllers\User))
#2 C:\xampp\htdocs\codeIgniter\new-app\system\CodeIgniter.php(318): CodeIgniter\CodeIgniter->handleRequest(NULL, Object(Config\Cache), false)
#3 C:\xampp\htdocs\codeIgniter\new-app\index.php(37): CodeIgniter\CodeIgniter->run()
#4 {main}
CRITICAL - 2021-12-22 01:43:11 --> Undefined property: App\Controllers\User::$validation
#0 C:\xampp\htdocs\codeIgniter\new-app\app\Controllers\User.php(41): CodeIgniter\Debug\Exceptions->errorHandler(8, 'Undefined prope...', 'C:\\xampp\\htdocs...', 41, Array)
#1 C:\xampp\htdocs\codeIgniter\new-app\system\CodeIgniter.php(824): App\Controllers\User->create()
#2 C:\xampp\htdocs\codeIgniter\new-app\system\CodeIgniter.php(410): CodeIgniter\CodeIgniter->runController(Object(App\Controllers\User))
#3 C:\xampp\htdocs\codeIgniter\new-app\system\CodeIgniter.php(318): CodeIgniter\CodeIgniter->handleRequest(NULL, Object(Config\Cache), false)
#4 C:\xampp\htdocs\codeIgniter\new-app\index.php(37): CodeIgniter\CodeIgniter->run()
#5 {main}
CRITICAL - 2021-12-22 05:35:22 --> Undefined variable: title
#0 C:\xampp\htdocs\codeIgniter\new-app\app\Views\welcome_message.php(6): CodeIgniter\Debug\Exceptions->errorHandler(8, 'Undefined varia...', 'C:\\xampp\\htdocs...', 6, Array)
#1 C:\xampp\htdocs\codeIgniter\new-app\system\View\View.php(214): include('C:\\xampp\\htdocs...')
#2 C:\xampp\htdocs\codeIgniter\new-app\system\View\View.php(217): CodeIgniter\View\View->CodeIgniter\View\{closure}()
#3 C:\xampp\htdocs\codeIgniter\new-app\system\Common.php(1097): CodeIgniter\View\View->render('welcome_message', Array, true)
#4 C:\xampp\htdocs\codeIgniter\new-app\app\Controllers\Home.php(13): view('welcome_message')
#5 C:\xampp\htdocs\codeIgniter\new-app\system\CodeIgniter.php(824): App\Controllers\Home->index()
#6 C:\xampp\htdocs\codeIgniter\new-app\system\CodeIgniter.php(410): CodeIgniter\CodeIgniter->runController(Object(App\Controllers\Home))
#7 C:\xampp\htdocs\codeIgniter\new-app\system\CodeIgniter.php(318): CodeIgniter\CodeIgniter->handleRequest(NULL, Object(Config\Cache), false)
#8 C:\xampp\htdocs\codeIgniter\new-app\index.php(37): CodeIgniter\CodeIgniter->run()
#9 {main}
CRITICAL - 2021-12-22 06:18:35 --> Undefined property: stdClass::$username
#0 C:\xampp\htdocs\codeIgniter\new-app\app\Controllers\User.php(103): CodeIgniter\Debug\Exceptions->errorHandler(8, 'Undefined prope...', 'C:\\xampp\\htdocs...', 103, Array)
#1 C:\xampp\htdocs\codeIgniter\new-app\system\CodeIgniter.php(824): App\Controllers\User->verify()
#2 C:\xampp\htdocs\codeIgniter\new-app\system\CodeIgniter.php(410): CodeIgniter\CodeIgniter->runController(Object(App\Controllers\User))
#3 C:\xampp\htdocs\codeIgniter\new-app\system\CodeIgniter.php(318): CodeIgniter\CodeIgniter->handleRequest(NULL, Object(Config\Cache), false)
#4 C:\xampp\htdocs\codeIgniter\new-app\index.php(37): CodeIgniter\CodeIgniter->run()
#5 {main}
CRITICAL - 2021-12-22 11:02:33 -->  route cannot be found while reverse-routing.
#0 C:\xampp\htdocs\codeIgniter\new-app\system\HTTP\RedirectResponse.php(56): CodeIgniter\HTTP\Exceptions\HTTPException::forInvalidRedirectRoute('')
#1 C:\xampp\htdocs\codeIgniter\new-app\system\Common.php(840): CodeIgniter\HTTP\RedirectResponse->route(false)
#2 C:\xampp\htdocs\codeIgniter\new-app\app\Filters\GuestFilter.php(17): redirect('AdminDashboard')
#3 C:\xampp\htdocs\codeIgniter\new-app\system\Filters\Filters.php(173): App\Filters\GuestFilter->before(Object(CodeIgniter\HTTP\IncomingRequest), NULL)
#4 C:\xampp\htdocs\codeIgniter\new-app\system\CodeIgniter.php(384): CodeIgniter\Filters\Filters->run('login', 'before')
#5 C:\xampp\htdocs\codeIgniter\new-app\system\CodeIgniter.php(318): CodeIgniter\CodeIgniter->handleRequest(NULL, Object(Config\Cache), false)
#6 C:\xampp\htdocs\codeIgniter\new-app\index.php(37): CodeIgniter\CodeIgniter->run()
#7 {main}
CRITICAL - 2021-12-22 11:02:35 -->  route cannot be found while reverse-routing.
#0 C:\xampp\htdocs\codeIgniter\new-app\system\HTTP\RedirectResponse.php(56): CodeIgniter\HTTP\Exceptions\HTTPException::forInvalidRedirectRoute('')
#1 C:\xampp\htdocs\codeIgniter\new-app\system\Common.php(840): CodeIgniter\HTTP\RedirectResponse->route(false)
#2 C:\xampp\htdocs\codeIgniter\new-app\app\Filters\GuestFilter.php(17): redirect('AdminDashboard')
#3 C:\xampp\htdocs\codeIgniter\new-app\system\Filters\Filters.php(173): App\Filters\GuestFilter->before(Object(CodeIgniter\HTTP\IncomingRequest), NULL)
#4 C:\xampp\htdocs\codeIgniter\new-app\system\CodeIgniter.php(384): CodeIgniter\Filters\Filters->run('login', 'before')
#5 C:\xampp\htdocs\codeIgniter\new-app\system\CodeIgniter.php(318): CodeIgniter\CodeIgniter->handleRequest(NULL, Object(Config\Cache), false)
#6 C:\xampp\htdocs\codeIgniter\new-app\index.php(37): CodeIgniter\CodeIgniter->run()
#7 {main}
CRITICAL - 2021-12-22 11:02:38 -->  route cannot be found while reverse-routing.
#0 C:\xampp\htdocs\codeIgniter\new-app\system\HTTP\RedirectResponse.php(56): CodeIgniter\HTTP\Exceptions\HTTPException::forInvalidRedirectRoute('')
#1 C:\xampp\htdocs\codeIgniter\new-app\system\Common.php(840): CodeIgniter\HTTP\RedirectResponse->route(false)
#2 C:\xampp\htdocs\codeIgniter\new-app\app\Filters\GuestFilter.php(17): redirect('AdminDashboard')
#3 C:\xampp\htdocs\codeIgniter\new-app\system\Filters\Filters.php(173): App\Filters\GuestFilter->before(Object(CodeIgniter\HTTP\IncomingRequest), NULL)
#4 C:\xampp\htdocs\codeIgniter\new-app\system\CodeIgniter.php(384): CodeIgniter\Filters\Filters->run('login', 'before')
#5 C:\xampp\htdocs\codeIgniter\new-app\system\CodeIgniter.php(318): CodeIgniter\CodeIgniter->handleRequest(NULL, Object(Config\Cache), false)
#6 C:\xampp\htdocs\codeIgniter\new-app\index.php(37): CodeIgniter\CodeIgniter->run()
#7 {main}
CRITICAL - 2021-12-22 11:03:36 -->  route cannot be found while reverse-routing.
#0 C:\xampp\htdocs\codeIgniter\new-app\system\HTTP\RedirectResponse.php(56): CodeIgniter\HTTP\Exceptions\HTTPException::forInvalidRedirectRoute('')
#1 C:\xampp\htdocs\codeIgniter\new-app\system\Common.php(840): CodeIgniter\HTTP\RedirectResponse->route(false)
#2 C:\xampp\htdocs\codeIgniter\new-app\app\Filters\GuestFilter.php(17): redirect('AdminDashboard')
#3 C:\xampp\htdocs\codeIgniter\new-app\system\Filters\Filters.php(173): App\Filters\GuestFilter->before(Object(CodeIgniter\HTTP\IncomingRequest), NULL)
#4 C:\xampp\htdocs\codeIgniter\new-app\system\CodeIgniter.php(384): CodeIgniter\Filters\Filters->run('login', 'before')
#5 C:\xampp\htdocs\codeIgniter\new-app\system\CodeIgniter.php(318): CodeIgniter\CodeIgniter->handleRequest(NULL, Object(Config\Cache), false)
#6 C:\xampp\htdocs\codeIgniter\new-app\index.php(37): CodeIgniter\CodeIgniter->run()
#7 {main}
CRITICAL - 2021-12-22 11:04:24 -->  route cannot be found while reverse-routing.
#0 C:\xampp\htdocs\codeIgniter\new-app\system\HTTP\RedirectResponse.php(56): CodeIgniter\HTTP\Exceptions\HTTPException::forInvalidRedirectRoute('')
#1 C:\xampp\htdocs\codeIgniter\new-app\system\Common.php(840): CodeIgniter\HTTP\RedirectResponse->route(false)
#2 C:\xampp\htdocs\codeIgniter\new-app\app\Controllers\User.php(111): redirect('AdminDashboard')
#3 C:\xampp\htdocs\codeIgniter\new-app\system\CodeIgniter.php(824): App\Controllers\User->verify()
#4 C:\xampp\htdocs\codeIgniter\new-app\system\CodeIgniter.php(410): CodeIgniter\CodeIgniter->runController(Object(App\Controllers\User))
#5 C:\xampp\htdocs\codeIgniter\new-app\system\CodeIgniter.php(318): CodeIgniter\CodeIgniter->handleRequest(NULL, Object(Config\Cache), false)
#6 C:\xampp\htdocs\codeIgniter\new-app\index.php(37): CodeIgniter\CodeIgniter->run()
#7 {main}
CRITICAL - 2021-12-22 11:06:20 -->  route cannot be found while reverse-routing.
#0 C:\xampp\htdocs\codeIgniter\new-app\system\HTTP\RedirectResponse.php(56): CodeIgniter\HTTP\Exceptions\HTTPException::forInvalidRedirectRoute('')
#1 C:\xampp\htdocs\codeIgniter\new-app\system\Common.php(840): CodeIgniter\HTTP\RedirectResponse->route(false)
#2 C:\xampp\htdocs\codeIgniter\new-app\app\Controllers\User.php(111): redirect('AdminDashboard')
#3 C:\xampp\htdocs\codeIgniter\new-app\system\CodeIgniter.php(824): App\Controllers\User->verify()
#4 C:\xampp\htdocs\codeIgniter\new-app\system\CodeIgniter.php(410): CodeIgniter\CodeIgniter->runController(Object(App\Controllers\User))
#5 C:\xampp\htdocs\codeIgniter\new-app\system\CodeIgniter.php(318): CodeIgniter\CodeIgniter->handleRequest(NULL, Object(Config\Cache), false)
#6 C:\xampp\htdocs\codeIgniter\new-app\index.php(37): CodeIgniter\CodeIgniter->run()
#7 {main}
CRITICAL - 2021-12-22 22:17:46 --> Undefined variable: login_user
#0 C:\xampp\htdocs\codeIgniter\new-app\app\Controllers\User.php(127): CodeIgniter\Debug\Exceptions->errorHandler(8, 'Undefined varia...', 'C:\\xampp\\htdocs...', 127, Array)
#1 C:\xampp\htdocs\codeIgniter\new-app\system\CodeIgniter.php(824): App\Controllers\User->logout()
#2 C:\xampp\htdocs\codeIgniter\new-app\system\CodeIgniter.php(410): CodeIgniter\CodeIgniter->runController(Object(App\Controllers\User))
#3 C:\xampp\htdocs\codeIgniter\new-app\system\CodeIgniter.php(318): CodeIgniter\CodeIgniter->handleRequest(NULL, Object(Config\Cache), false)
#4 C:\xampp\htdocs\codeIgniter\new-app\index.php(37): CodeIgniter\CodeIgniter->run()
#5 {main}
CRITICAL - 2021-12-22 22:18:13 --> Trying to access array offset on value of type null
#0 C:\xampp\htdocs\codeIgniter\new-app\app\Controllers\User.php(127): CodeIgniter\Debug\Exceptions->errorHandler(8, 'Trying to acces...', 'C:\\xampp\\htdocs...', 127, Array)
#1 C:\xampp\htdocs\codeIgniter\new-app\system\CodeIgniter.php(824): App\Controllers\User->logout()
#2 C:\xampp\htdocs\codeIgniter\new-app\system\CodeIgniter.php(410): CodeIgniter\CodeIgniter->runController(Object(App\Controllers\User))
#3 C:\xampp\htdocs\codeIgniter\new-app\system\CodeIgniter.php(318): CodeIgniter\CodeIgniter->handleRequest(NULL, Object(Config\Cache), false)
#4 C:\xampp\htdocs\codeIgniter\new-app\index.php(37): CodeIgniter\CodeIgniter->run()
#5 {main}
CRITICAL - 2021-12-22 22:18:35 --> Undefined variable: login_user
#0 C:\xampp\htdocs\codeIgniter\new-app\app\Controllers\User.php(127): CodeIgniter\Debug\Exceptions->errorHandler(8, 'Undefined varia...', 'C:\\xampp\\htdocs...', 127, Array)
#1 C:\xampp\htdocs\codeIgniter\new-app\system\CodeIgniter.php(824): App\Controllers\User->logout()
#2 C:\xampp\htdocs\codeIgniter\new-app\system\CodeIgniter.php(410): CodeIgniter\CodeIgniter->runController(Object(App\Controllers\User))
#3 C:\xampp\htdocs\codeIgniter\new-app\system\CodeIgniter.php(318): CodeIgniter\CodeIgniter->handleRequest(NULL, Object(Config\Cache), false)
#4 C:\xampp\htdocs\codeIgniter\new-app\index.php(37): CodeIgniter\CodeIgniter->run()
#5 {main}
CRITICAL - 2021-12-22 22:19:05 --> Trying to access array offset on value of type null
#0 C:\xampp\htdocs\codeIgniter\new-app\app\Controllers\User.php(105): CodeIgniter\Debug\Exceptions->errorHandler(8, 'Trying to acces...', 'C:\\xampp\\htdocs...', 105, Array)
#1 C:\xampp\htdocs\codeIgniter\new-app\system\CodeIgniter.php(824): App\Controllers\User->verify()
#2 C:\xampp\htdocs\codeIgniter\new-app\system\CodeIgniter.php(410): CodeIgniter\CodeIgniter->runController(Object(App\Controllers\User))
#3 C:\xampp\htdocs\codeIgniter\new-app\system\CodeIgniter.php(318): CodeIgniter\CodeIgniter->handleRequest(NULL, Object(Config\Cache), false)
#4 C:\xampp\htdocs\codeIgniter\new-app\index.php(37): CodeIgniter\CodeIgniter->run()
#5 {main}
CRITICAL - 2021-12-22 22:20:00 --> Trying to access array offset on value of type null
#0 C:\xampp\htdocs\codeIgniter\new-app\app\Controllers\User.php(105): CodeIgniter\Debug\Exceptions->errorHandler(8, 'Trying to acces...', 'C:\\xampp\\htdocs...', 105, Array)
#1 C:\xampp\htdocs\codeIgniter\new-app\system\CodeIgniter.php(824): App\Controllers\User->verify()
#2 C:\xampp\htdocs\codeIgniter\new-app\system\CodeIgniter.php(410): CodeIgniter\CodeIgniter->runController(Object(App\Controllers\User))
#3 C:\xampp\htdocs\codeIgniter\new-app\system\CodeIgniter.php(318): CodeIgniter\CodeIgniter->handleRequest(NULL, Object(Config\Cache), false)
#4 C:\xampp\htdocs\codeIgniter\new-app\index.php(37): CodeIgniter\CodeIgniter->run()
#5 {main}
CRITICAL - 2021-12-22 22:20:32 --> Undefined variable: login_user
#0 C:\xampp\htdocs\codeIgniter\new-app\app\Controllers\User.php(86): CodeIgniter\Debug\Exceptions->errorHandler(8, 'Undefined varia...', 'C:\\xampp\\htdocs...', 86, Array)
#1 C:\xampp\htdocs\codeIgniter\new-app\system\CodeIgniter.php(824): App\Controllers\User->verify()
#2 C:\xampp\htdocs\codeIgniter\new-app\system\CodeIgniter.php(410): CodeIgniter\CodeIgniter->runController(Object(App\Controllers\User))
#3 C:\xampp\htdocs\codeIgniter\new-app\system\CodeIgniter.php(318): CodeIgniter\CodeIgniter->handleRequest(NULL, Object(Config\Cache), false)
#4 C:\xampp\htdocs\codeIgniter\new-app\index.php(37): CodeIgniter\CodeIgniter->run()
#5 {main}
CRITICAL - 2021-12-22 22:20:49 --> Trying to access array offset on value of type null
#0 C:\xampp\htdocs\codeIgniter\new-app\app\Controllers\User.php(86): CodeIgniter\Debug\Exceptions->errorHandler(8, 'Trying to acces...', 'C:\\xampp\\htdocs...', 86, Array)
#1 C:\xampp\htdocs\codeIgniter\new-app\system\CodeIgniter.php(824): App\Controllers\User->verify()
#2 C:\xampp\htdocs\codeIgniter\new-app\system\CodeIgniter.php(410): CodeIgniter\CodeIgniter->runController(Object(App\Controllers\User))
#3 C:\xampp\htdocs\codeIgniter\new-app\system\CodeIgniter.php(318): CodeIgniter\CodeIgniter->handleRequest(NULL, Object(Config\Cache), false)
#4 C:\xampp\htdocs\codeIgniter\new-app\index.php(37): CodeIgniter\CodeIgniter->run()
#5 {main}
CRITICAL - 2021-12-22 22:21:44 --> Trying to access array offset on value of type null
#0 C:\xampp\htdocs\codeIgniter\new-app\app\Controllers\User.php(87): CodeIgniter\Debug\Exceptions->errorHandler(8, 'Trying to acces...', 'C:\\xampp\\htdocs...', 87, Array)
#1 C:\xampp\htdocs\codeIgniter\new-app\system\CodeIgniter.php(824): App\Controllers\User->verify()
#2 C:\xampp\htdocs\codeIgniter\new-app\system\CodeIgniter.php(410): CodeIgniter\CodeIgniter->runController(Object(App\Controllers\User))
#3 C:\xampp\htdocs\codeIgniter\new-app\system\CodeIgniter.php(318): CodeIgniter\CodeIgniter->handleRequest(NULL, Object(Config\Cache), false)
#4 C:\xampp\htdocs\codeIgniter\new-app\index.php(37): CodeIgniter\CodeIgniter->run()
#5 {main}
CRITICAL - 2021-12-22 22:22:38 --> Undefined variable: result
#0 C:\xampp\htdocs\codeIgniter\new-app\app\Controllers\User.php(97): CodeIgniter\Debug\Exceptions->errorHandler(8, 'Undefined varia...', 'C:\\xampp\\htdocs...', 97, Array)
#1 C:\xampp\htdocs\codeIgniter\new-app\system\CodeIgniter.php(824): App\Controllers\User->verify()
#2 C:\xampp\htdocs\codeIgniter\new-app\system\CodeIgniter.php(410): CodeIgniter\CodeIgniter->runController(Object(App\Controllers\User))
#3 C:\xampp\htdocs\codeIgniter\new-app\system\CodeIgniter.php(318): CodeIgniter\CodeIgniter->handleRequest(NULL, Object(Config\Cache), false)
#4 C:\xampp\htdocs\codeIgniter\new-app\index.php(37): CodeIgniter\CodeIgniter->run()
#5 {main}
CRITICAL - 2021-12-22 23:27:52 --> Undefined property: App\Controllers\UserPage::$login_userp
#0 C:\xampp\htdocs\codeIgniter\new-app\app\Controllers\UserPage.php(26): CodeIgniter\Debug\Exceptions->errorHandler(8, 'Undefined prope...', 'C:\\xampp\\htdocs...', 26, Array)
#1 C:\xampp\htdocs\codeIgniter\new-app\system\CodeIgniter.php(824): App\Controllers\UserPage->index()
#2 C:\xampp\htdocs\codeIgniter\new-app\system\CodeIgniter.php(410): CodeIgniter\CodeIgniter->runController(Object(App\Controllers\UserPage))
#3 C:\xampp\htdocs\codeIgniter\new-app\system\CodeIgniter.php(318): CodeIgniter\CodeIgniter->handleRequest(NULL, Object(Config\Cache), false)
#4 C:\xampp\htdocs\codeIgniter\new-app\index.php(37): CodeIgniter\CodeIgniter->run()
#5 {main}
CRITICAL - 2021-12-22 23:34:05 --> Invalid file: user/profile.php
#0 C:\xampp\htdocs\codeIgniter\new-app\system\View\View.php(198): CodeIgniter\Exceptions\FrameworkException::forInvalidFile('user/profile.ph...')
#1 C:\xampp\htdocs\codeIgniter\new-app\system\Common.php(1097): CodeIgniter\View\View->render('user/profile', Array, true)
#2 C:\xampp\htdocs\codeIgniter\new-app\app\Controllers\UserPage.php(43): view('user/profile', Array)
#3 C:\xampp\htdocs\codeIgniter\new-app\system\CodeIgniter.php(824): App\Controllers\UserPage->profile()
#4 C:\xampp\htdocs\codeIgniter\new-app\system\CodeIgniter.php(410): CodeIgniter\CodeIgniter->runController(Object(App\Controllers\UserPage))
#5 C:\xampp\htdocs\codeIgniter\new-app\system\CodeIgniter.php(318): CodeIgniter\CodeIgniter->handleRequest(NULL, Object(Config\Cache), false)
#6 C:\xampp\htdocs\codeIgniter\new-app\index.php(37): CodeIgniter\CodeIgniter->run()
#7 {main}
